
> frontend@0.1.0 dev
> next dev

▲ Next.js 16.2.9 (Turbopack)
- Local:         http://localhost:3000
- Network:       http://192.168.0.125:3000
- Environments: .env.local
✓ Ready in 1066ms

 GET / 200 in 378ms (next.js: 217ms, application-code: 161ms)
 GET / 200 in 18ms (next.js: 1943µs, application-code: 16ms)
 GET / 200 in 23ms (next.js: 3ms, application-code: 20ms)
✓ Compiled in 62ms
 GET / 200 in 64ms (next.js: 38ms, application-code: 26ms)
 GET / 200 in 13ms (next.js: 2ms, application-code: 11ms)
 GET / 200 in 28ms (next.js: 1516µs, application-code: 27ms)
 GET / 200 in 17ms (next.js: 1573µs, application-code: 15ms)
 GET / 200 in 17ms (next.js: 1721µs, application-code: 16ms)
 GET / 200 in 17ms (next.js: 2ms, application-code: 15ms)
 GET / 200 in 20ms (next.js: 1974µs, application-code: 18ms)
 GET / 200 in 23ms (next.js: 2ms, application-code: 20ms)
✓ Compiled in 33ms
 GET / 200 in 47ms (next.js: 29ms, application-code: 19ms)
 GET / 200 in 34ms (next.js: 1764µs, application-code: 32ms)
 GET / 200 in 21ms (next.js: 1898µs, application-code: 19ms)
✓ Compiled in 17ms
 GET / 200 in 65ms (next.js: 38ms, application-code: 27ms)
✓ Compiled in 26ms
 GET / 200 in 60ms (next.js: 43ms, application-code: 17ms)
✓ Compiled in 26ms
 GET / 200 in 48ms (next.js: 27ms, application-code: 21ms)
 GET / 200 in 32ms (next.js: 3ms, application-code: 29ms)
✓ Compiled in 38ms
 GET / 200 in 55ms (next.js: 35ms, application-code: 20ms)
⚠ Fast Refresh had to perform a full reload due to a runtime error.
✓ Compiled in 35ms
 GET / 200 in 101ms (next.js: 35ms, application-code: 66ms)
 GET / 200 in 42ms (next.js: 28ms, application-code: 14ms)
✓ Compiled in 41ms
