ERROR:    Exception in ASGI application
Traceback (most recent call last):
  File "C:\Users\anasb\AppData\Local\Programs\Python\Python314\Lib\site-packages\uvicorn\protocols\http\h11_impl.py", line 403, in run_asgi
    result = await app(  # type: ignore[func-returns-value]
             ^^^^^^^^^^^^^^^^^^^^^^^^^^^^^^^^^^^^^^^^^^^^^^
        self.scope, self.receive, self.send
        ^^^^^^^^^^^^^^^^^^^^^^^^^^^^^^^^^^^
    )
    ^
  File "C:\Users\anasb\AppData\Local\Programs\Python\Python314\Lib\site-packages\uvicorn\middleware\proxy_headers.py", line 60, in __call__
    return await self.app(scope, receive, send)
           ^^^^^^^^^^^^^^^^^^^^^^^^^^^^^^^^^^^^
  File "C:\Users\anasb\AppData\Local\Programs\Python\Python314\Lib\site-packages\fastapi\applications.py", line 1163, in __call__
    await super().__call__(scope, receive, send)
  File "C:\Users\anasb\AppData\Local\Programs\Python\Python314\Lib\site-packages\starlette\applications.py", line 90, in __call__
    await self.middleware_stack(scope, receive, send)
  File "C:\Users\anasb\AppData\Local\Programs\Python\Python314\Lib\site-packages\starlette\middleware\errors.py", line 186, in __call__
    raise exc
  File "C:\Users\anasb\AppData\Local\Programs\Python\Python314\Lib\site-packages\starlette\middleware\errors.py", line 164, in __call__
    await self.app(scope, receive, _send)
  File "C:\Users\anasb\AppData\Local\Programs\Python\Python314\Lib\site-packages\starlette\middleware\cors.py", line 88, in __call__
    await self.app(scope, receive, send)
  File "C:\Users\anasb\AppData\Local\Programs\Python\Python314\Lib\site-packages\starlette\middleware\exceptions.py", line 63, in __call__
    await wrap_app_handling_exceptions(self.app, conn)(scope, receive, send)
  File "C:\Users\anasb\AppData\Local\Programs\Python\Python314\Lib\site-packages\starlette\_exception_handler.py", line 53, in wrapped_app
    raise exc
  File "C:\Users\anasb\AppData\Local\Programs\Python\Python314\Lib\site-packages\starlette\_exception_handler.py", line 42, in wrapped_app
    await app(scope, receive, sender)
  File "C:\Users\anasb\AppData\Local\Programs\Python\Python314\Lib\site-packages\fastapi\middleware\asyncexitstack.py", line 18, in __call__
    await self.app(scope, receive, send)
  File "C:\Users\anasb\AppData\Local\Programs\Python\Python314\Lib\site-packages\starlette\routing.py", line 660, in __call__
    await self.middleware_stack(scope, receive, send)
  File "C:\Users\anasb\AppData\Local\Programs\Python\Python314\Lib\site-packages\fastapi\routing.py", line 2531, in app
    await route.handle(scope, receive, send)
  File "C:\Users\anasb\AppData\Local\Programs\Python\Python314\Lib\site-packages\fastapi\routing.py", line 1241, in handle
    await super().handle(scope, receive, send)
  File "C:\Users\anasb\AppData\Local\Programs\Python\Python314\Lib\site-packages\starlette\routing.py", line 276, in handle
    await self.app(scope, receive, send)
  File "C:\Users\anasb\AppData\Local\Programs\Python\Python314\Lib\site-packages\fastapi\routing.py", line 150, in app
    await wrap_app_handling_exceptions(app, request)(scope, receive, send)
  File "C:\Users\anasb\AppData\Local\Programs\Python\Python314\Lib\site-packages\starlette\_exception_handler.py", line 53, in wrapped_app
    raise exc
  File "C:\Users\anasb\AppData\Local\Programs\Python\Python314\Lib\site-packages\starlette\_exception_handler.py", line 42, in wrapped_app
    await app(scope, receive, sender)
  File "C:\Users\anasb\AppData\Local\Programs\Python\Python314\Lib\site-packages\fastapi\routing.py", line 137, in app
    await response(scope, receive, send)
  File "C:\Users\anasb\AppData\Local\Programs\Python\Python314\Lib\site-packages\starlette\responses.py", line 273, in __call__
    async with create_collapsing_task_group() as task_group:
               ~~~~~~~~~~~~~~~~~~~~~~~~~~~~^^
  File "C:\Users\anasb\AppData\Local\Programs\Python\Python314\Lib\contextlib.py", line 235, in __aexit__
    await self.gen.athrow(value)
  File "C:\Users\anasb\AppData\Local\Programs\Python\Python314\Lib\site-packages\starlette\_utils.py", line 93, in create_collapsing_task_group
    raise exc from exc.__cause__ or context
  File "C:\Users\anasb\AppData\Local\Programs\Python\Python314\Lib\site-packages\anyio\_core\_tasks.py", line 278, in _run_coro
    retval = await self._coro
             ^^^^^^^^^^^^^^^^
  File "C:\Users\anasb\AppData\Local\Programs\Python\Python314\Lib\site-packages\starlette\responses.py", line 276, in wrap
    await func()
  File "C:\Users\anasb\AppData\Local\Programs\Python\Python314\Lib\site-packages\starlette\responses.py", line 253, in stream_response
    await send({"type": "http.response.body", "body": chunk, "more_body": True})
  File "C:\Users\anasb\AppData\Local\Programs\Python\Python314\Lib\site-packages\starlette\_exception_handler.py", line 39, in sender
    await send(message)
  File "C:\Users\anasb\AppData\Local\Programs\Python\Python314\Lib\site-packages\starlette\_exception_handler.py", line 39, in sender
    await send(message)
  File "C:\Users\anasb\AppData\Local\Programs\Python\Python314\Lib\site-packages\starlette\middleware\errors.py", line 161, in _send
    await send(message)
  File "C:\Users\anasb\AppData\Local\Programs\Python\Python314\Lib\site-packages\uvicorn\protocols\http\h11_impl.py", line 500, in send
    output = self.conn.send(event=h11.Data(data=data))
  File "C:\Users\anasb\AppData\Local\Programs\Python\Python314\Lib\site-packages\h11\_connection.py", line 538, in send
    data_list = self.send_with_data_passthrough(event)
  File "C:\Users\anasb\AppData\Local\Programs\Python\Python314\Lib\site-packages\h11\_connection.py", line 571, in send_with_data_passthrough
    writer(event, data_list.append)
    ~~~~~~^^^^^^^^^^^^^^^^^^^^^^^^^
  File "C:\Users\anasb\AppData\Local\Programs\Python\Python314\Lib\site-packages\h11\_writers.py", line 65, in __call__
    self.send_data(event.data, write)
    ~~~~~~~~~~~~~~^^^^^^^^^^^^^^^^^^^
  File "C:\Users\anasb\AppData\Local\Programs\Python\Python314\Lib\site-packages\h11\_writers.py", line 91, in send_data
    raise LocalProtocolError("Too much data for declared Content-Length")
h11._util.LocalProtocolError: Too much data for declared Content-Length
ERROR:    Exception in ASGI application
Traceback (most recent call last):
  File "C:\Users\anasb\AppData\Local\Programs\Python\Python314\Lib\site-packages\uvicorn\protocols\http\h11_impl.py", line 403, in run_asgi
    result = await app(  # type: ignore[func-returns-value]
             ^^^^^^^^^^^^^^^^^^^^^^^^^^^^^^^^^^^^^^^^^^^^^^
        self.scope, self.receive, self.send
        ^^^^^^^^^^^^^^^^^^^^^^^^^^^^^^^^^^^
    )
    ^
  File "C:\Users\anasb\AppData\Local\Programs\Python\Python314\Lib\site-packages\uvicorn\middleware\proxy_headers.py", line 60, in __call__
    return await self.app(scope, receive, send)
           ^^^^^^^^^^^^^^^^^^^^^^^^^^^^^^^^^^^^
  File "C:\Users\anasb\AppData\Local\Programs\Python\Python314\Lib\site-packages\fastapi\applications.py", line 1163, in __call__
    await super().__call__(scope, receive, send)
  File "C:\Users\anasb\AppData\Local\Programs\Python\Python314\Lib\site-packages\starlette\applications.py", line 90, in __call__
    await self.middleware_stack(scope, receive, send)
  File "C:\Users\anasb\AppData\Local\Programs\Python\Python314\Lib\site-packages\starlette\middleware\errors.py", line 186, in __call__
    raise exc
  File "C:\Users\anasb\AppData\Local\Programs\Python\Python314\Lib\site-packages\starlette\middleware\errors.py", line 164, in __call__
    await self.app(scope, receive, _send)
  File "C:\Users\anasb\AppData\Local\Programs\Python\Python314\Lib\site-packages\starlette\middleware\cors.py", line 88, in __call__
    await self.app(scope, receive, send)
  File "C:\Users\anasb\AppData\Local\Programs\Python\Python314\Lib\site-packages\starlette\middleware\exceptions.py", line 63, in __call__
    await wrap_app_handling_exceptions(self.app, conn)(scope, receive, send)
  File "C:\Users\anasb\AppData\Local\Programs\Python\Python314\Lib\site-packages\starlette\_exception_handler.py", line 53, in wrapped_app
    raise exc
  File "C:\Users\anasb\AppData\Local\Programs\Python\Python314\Lib\site-packages\starlette\_exception_handler.py", line 42, in wrapped_app
    await app(scope, receive, sender)
  File "C:\Users\anasb\AppData\Local\Programs\Python\Python314\Lib\site-packages\fastapi\middleware\asyncexitstack.py", line 18, in __call__
    await self.app(scope, receive, send)
  File "C:\Users\anasb\AppData\Local\Programs\Python\Python314\Lib\site-packages\starlette\routing.py", line 660, in __call__
    await self.middleware_stack(scope, receive, send)
  File "C:\Users\anasb\AppData\Local\Programs\Python\Python314\Lib\site-packages\fastapi\routing.py", line 2531, in app
    await route.handle(scope, receive, send)
  File "C:\Users\anasb\AppData\Local\Programs\Python\Python314\Lib\site-packages\fastapi\routing.py", line 1241, in handle
    await super().handle(scope, receive, send)
  File "C:\Users\anasb\AppData\Local\Programs\Python\Python314\Lib\site-packages\starlette\routing.py", line 276, in handle
    await self.app(scope, receive, send)
  File "C:\Users\anasb\AppData\Local\Programs\Python\Python314\Lib\site-packages\fastapi\routing.py", line 150, in app
    await wrap_app_handling_exceptions(app, request)(scope, receive, send)
  File "C:\Users\anasb\AppData\Local\Programs\Python\Python314\Lib\site-packages\starlette\_exception_handler.py", line 53, in wrapped_app
    raise exc
  File "C:\Users\anasb\AppData\Local\Programs\Python\Python314\Lib\site-packages\starlette\_exception_handler.py", line 42, in wrapped_app
    await app(scope, receive, sender)
  File "C:\Users\anasb\AppData\Local\Programs\Python\Python314\Lib\site-packages\fastapi\routing.py", line 137, in app
    await response(scope, receive, send)
  File "C:\Users\anasb\AppData\Local\Programs\Python\Python314\Lib\site-packages\starlette\responses.py", line 273, in __call__
    async with create_collapsing_task_group() as task_group:
               ~~~~~~~~~~~~~~~~~~~~~~~~~~~~^^
  File "C:\Users\anasb\AppData\Local\Programs\Python\Python314\Lib\contextlib.py", line 235, in __aexit__
    await self.gen.athrow(value)
  File "C:\Users\anasb\AppData\Local\Programs\Python\Python314\Lib\site-packages\starlette\_utils.py", line 93, in create_collapsing_task_group
    raise exc from exc.__cause__ or context
  File "C:\Users\anasb\AppData\Local\Programs\Python\Python314\Lib\site-packages\anyio\_core\_tasks.py", line 278, in _run_coro
    retval = await self._coro
             ^^^^^^^^^^^^^^^^
  File "C:\Users\anasb\AppData\Local\Programs\Python\Python314\Lib\site-packages\starlette\responses.py", line 276, in wrap
    await func()
  File "C:\Users\anasb\AppData\Local\Programs\Python\Python314\Lib\site-packages\starlette\responses.py", line 253, in stream_response
    await send({"type": "http.response.body", "body": chunk, "more_body": True})
  File "C:\Users\anasb\AppData\Local\Programs\Python\Python314\Lib\site-packages\starlette\_exception_handler.py", line 39, in sender
    await send(message)
  File "C:\Users\anasb\AppData\Local\Programs\Python\Python314\Lib\site-packages\starlette\_exception_handler.py", line 39, in sender
    await send(message)
  File "C:\Users\anasb\AppData\Local\Programs\Python\Python314\Lib\site-packages\starlette\middleware\errors.py", line 161, in _send
    await send(message)
  File "C:\Users\anasb\AppData\Local\Programs\Python\Python314\Lib\site-packages\uvicorn\protocols\http\h11_impl.py", line 500, in send
    output = self.conn.send(event=h11.Data(data=data))
  File "C:\Users\anasb\AppData\Local\Programs\Python\Python314\Lib\site-packages\h11\_connection.py", line 538, in send
    data_list = self.send_with_data_passthrough(event)
  File "C:\Users\anasb\AppData\Local\Programs\Python\Python314\Lib\site-packages\h11\_connection.py", line 571, in send_with_data_passthrough
    writer(event, data_list.append)
    ~~~~~~^^^^^^^^^^^^^^^^^^^^^^^^^
  File "C:\Users\anasb\AppData\Local\Programs\Python\Python314\Lib\site-packages\h11\_writers.py", line 65, in __call__
    self.send_data(event.data, write)
    ~~~~~~~~~~~~~~^^^^^^^^^^^^^^^^^^^
  File "C:\Users\anasb\AppData\Local\Programs\Python\Python314\Lib\site-packages\h11\_writers.py", line 91, in send_data
    raise LocalProtocolError("Too much data for declared Content-Length")
h11._util.LocalProtocolError: Too much data for declared Content-Length
ERROR:    Exception in ASGI application
Traceback (most recent call last):
  File "C:\Users\anasb\AppData\Local\Programs\Python\Python314\Lib\site-packages\uvicorn\protocols\http\h11_impl.py", line 403, in run_asgi
    result = await app(  # type: ignore[func-returns-value]
             ^^^^^^^^^^^^^^^^^^^^^^^^^^^^^^^^^^^^^^^^^^^^^^
        self.scope, self.receive, self.send
        ^^^^^^^^^^^^^^^^^^^^^^^^^^^^^^^^^^^
    )
    ^
  File "C:\Users\anasb\AppData\Local\Programs\Python\Python314\Lib\site-packages\uvicorn\middleware\proxy_headers.py", line 60, in __call__
    return await self.app(scope, receive, send)
           ^^^^^^^^^^^^^^^^^^^^^^^^^^^^^^^^^^^^
  File "C:\Users\anasb\AppData\Local\Programs\Python\Python314\Lib\site-packages\fastapi\applications.py", line 1163, in __call__
    await super().__call__(scope, receive, send)
  File "C:\Users\anasb\AppData\Local\Programs\Python\Python314\Lib\site-packages\starlette\applications.py", line 90, in __call__
    await self.middleware_stack(scope, receive, send)
  File "C:\Users\anasb\AppData\Local\Programs\Python\Python314\Lib\site-packages\starlette\middleware\errors.py", line 186, in __call__
    raise exc
  File "C:\Users\anasb\AppData\Local\Programs\Python\Python314\Lib\site-packages\starlette\middleware\errors.py", line 164, in __call__
    await self.app(scope, receive, _send)
  File "C:\Users\anasb\AppData\Local\Programs\Python\Python314\Lib\site-packages\starlette\middleware\cors.py", line 88, in __call__
    await self.app(scope, receive, send)
  File "C:\Users\anasb\AppData\Local\Programs\Python\Python314\Lib\site-packages\starlette\middleware\exceptions.py", line 63, in __call__
    await wrap_app_handling_exceptions(self.app, conn)(scope, receive, send)
  File "C:\Users\anasb\AppData\Local\Programs\Python\Python314\Lib\site-packages\starlette\_exception_handler.py", line 53, in wrapped_app
    raise exc
  File "C:\Users\anasb\AppData\Local\Programs\Python\Python314\Lib\site-packages\starlette\_exception_handler.py", line 42, in wrapped_app
    await app(scope, receive, sender)
  File "C:\Users\anasb\AppData\Local\Programs\Python\Python314\Lib\site-packages\fastapi\middleware\asyncexitstack.py", line 18, in __call__
    await self.app(scope, receive, send)
  File "C:\Users\anasb\AppData\Local\Programs\Python\Python314\Lib\site-packages\starlette\routing.py", line 660, in __call__
    await self.middleware_stack(scope, receive, send)
  File "C:\Users\anasb\AppData\Local\Programs\Python\Python314\Lib\site-packages\fastapi\routing.py", line 2531, in app
    await route.handle(scope, receive, send)
  File "C:\Users\anasb\AppData\Local\Programs\Python\Python314\Lib\site-packages\fastapi\routing.py", line 1241, in handle
    await super().handle(scope, receive, send)
  File "C:\Users\anasb\AppData\Local\Programs\Python\Python314\Lib\site-packages\starlette\routing.py", line 276, in handle
    await self.app(scope, receive, send)
  File "C:\Users\anasb\AppData\Local\Programs\Python\Python314\Lib\site-packages\fastapi\routing.py", line 150, in app
    await wrap_app_handling_exceptions(app, request)(scope, receive, send)
  File "C:\Users\anasb\AppData\Local\Programs\Python\Python314\Lib\site-packages\starlette\_exception_handler.py", line 53, in wrapped_app
    raise exc
  File "C:\Users\anasb\AppData\Local\Programs\Python\Python314\Lib\site-packages\starlette\_exception_handler.py", line 42, in wrapped_app
    await app(scope, receive, sender)
  File "C:\Users\anasb\AppData\Local\Programs\Python\Python314\Lib\site-packages\fastapi\routing.py", line 137, in app
    await response(scope, receive, send)
  File "C:\Users\anasb\AppData\Local\Programs\Python\Python314\Lib\site-packages\starlette\responses.py", line 273, in __call__
    async with create_collapsing_task_group() as task_group:
               ~~~~~~~~~~~~~~~~~~~~~~~~~~~~^^
  File "C:\Users\anasb\AppData\Local\Programs\Python\Python314\Lib\contextlib.py", line 235, in __aexit__
    await self.gen.athrow(value)
  File "C:\Users\anasb\AppData\Local\Programs\Python\Python314\Lib\site-packages\starlette\_utils.py", line 93, in create_collapsing_task_group
    raise exc from exc.__cause__ or context
  File "C:\Users\anasb\AppData\Local\Programs\Python\Python314\Lib\site-packages\anyio\_core\_tasks.py", line 278, in _run_coro
    retval = await self._coro
             ^^^^^^^^^^^^^^^^
  File "C:\Users\anasb\AppData\Local\Programs\Python\Python314\Lib\site-packages\starlette\responses.py", line 276, in wrap
    await func()
  File "C:\Users\anasb\AppData\Local\Programs\Python\Python314\Lib\site-packages\starlette\responses.py", line 253, in stream_response
    await send({"type": "http.response.body", "body": chunk, "more_body": True})
  File "C:\Users\anasb\AppData\Local\Programs\Python\Python314\Lib\site-packages\starlette\_exception_handler.py", line 39, in sender
    await send(message)
  File "C:\Users\anasb\AppData\Local\Programs\Python\Python314\Lib\site-packages\starlette\_exception_handler.py", line 39, in sender
    await send(message)
  File "C:\Users\anasb\AppData\Local\Programs\Python\Python314\Lib\site-packages\starlette\middleware\errors.py", line 161, in _send
    await send(message)
  File "C:\Users\anasb\AppData\Local\Programs\Python\Python314\Lib\site-packages\uvicorn\protocols\http\h11_impl.py", line 500, in send
    output = self.conn.send(event=h11.Data(data=data))
  File "C:\Users\anasb\AppData\Local\Programs\Python\Python314\Lib\site-packages\h11\_connection.py", line 538, in send
    data_list = self.send_with_data_passthrough(event)
  File "C:\Users\anasb\AppData\Local\Programs\Python\Python314\Lib\site-packages\h11\_connection.py", line 571, in send_with_data_passthrough
    writer(event, data_list.append)
    ~~~~~~^^^^^^^^^^^^^^^^^^^^^^^^^
  File "C:\Users\anasb\AppData\Local\Programs\Python\Python314\Lib\site-packages\h11\_writers.py", line 65, in __call__
    self.send_data(event.data, write)
    ~~~~~~~~~~~~~~^^^^^^^^^^^^^^^^^^^
  File "C:\Users\anasb\AppData\Local\Programs\Python\Python314\Lib\site-packages\h11\_writers.py", line 91, in send_data
    raise LocalProtocolError("Too much data for declared Content-Length")
h11._util.LocalProtocolError: Too much data for declared Content-Length
ERROR:    Exception in ASGI application
Traceback (most recent call last):
  File "C:\Users\anasb\AppData\Local\Programs\Python\Python314\Lib\site-packages\uvicorn\protocols\http\h11_impl.py", line 403, in run_asgi
    result = await app(  # type: ignore[func-returns-value]
             ^^^^^^^^^^^^^^^^^^^^^^^^^^^^^^^^^^^^^^^^^^^^^^
        self.scope, self.receive, self.send
        ^^^^^^^^^^^^^^^^^^^^^^^^^^^^^^^^^^^
    )
    ^
  File "C:\Users\anasb\AppData\Local\Programs\Python\Python314\Lib\site-packages\uvicorn\middleware\proxy_headers.py", line 60, in __call__
    return await self.app(scope, receive, send)
           ^^^^^^^^^^^^^^^^^^^^^^^^^^^^^^^^^^^^
  File "C:\Users\anasb\AppData\Local\Programs\Python\Python314\Lib\site-packages\fastapi\applications.py", line 1163, in __call__
    await super().__call__(scope, receive, send)
  File "C:\Users\anasb\AppData\Local\Programs\Python\Python314\Lib\site-packages\starlette\applications.py", line 90, in __call__
    await self.middleware_stack(scope, receive, send)
  File "C:\Users\anasb\AppData\Local\Programs\Python\Python314\Lib\site-packages\starlette\middleware\errors.py", line 186, in __call__
    raise exc
  File "C:\Users\anasb\AppData\Local\Programs\Python\Python314\Lib\site-packages\starlette\middleware\errors.py", line 164, in __call__
    await self.app(scope, receive, _send)
  File "C:\Users\anasb\AppData\Local\Programs\Python\Python314\Lib\site-packages\starlette\middleware\cors.py", line 88, in __call__
    await self.app(scope, receive, send)
  File "C:\Users\anasb\AppData\Local\Programs\Python\Python314\Lib\site-packages\starlette\middleware\exceptions.py", line 63, in __call__
    await wrap_app_handling_exceptions(self.app, conn)(scope, receive, send)
  File "C:\Users\anasb\AppData\Local\Programs\Python\Python314\Lib\site-packages\starlette\_exception_handler.py", line 53, in wrapped_app
    raise exc
  File "C:\Users\anasb\AppData\Local\Programs\Python\Python314\Lib\site-packages\starlette\_exception_handler.py", line 42, in wrapped_app
    await app(scope, receive, sender)
  File "C:\Users\anasb\AppData\Local\Programs\Python\Python314\Lib\site-packages\fastapi\middleware\asyncexitstack.py", line 18, in __call__
    await self.app(scope, receive, send)
  File "C:\Users\anasb\AppData\Local\Programs\Python\Python314\Lib\site-packages\starlette\routing.py", line 660, in __call__
    await self.middleware_stack(scope, receive, send)
  File "C:\Users\anasb\AppData\Local\Programs\Python\Python314\Lib\site-packages\fastapi\routing.py", line 2531, in app
    await route.handle(scope, receive, send)
  File "C:\Users\anasb\AppData\Local\Programs\Python\Python314\Lib\site-packages\fastapi\routing.py", line 1241, in handle
    await super().handle(scope, receive, send)
  File "C:\Users\anasb\AppData\Local\Programs\Python\Python314\Lib\site-packages\starlette\routing.py", line 276, in handle
    await self.app(scope, receive, send)
  File "C:\Users\anasb\AppData\Local\Programs\Python\Python314\Lib\site-packages\fastapi\routing.py", line 150, in app
    await wrap_app_handling_exceptions(app, request)(scope, receive, send)
  File "C:\Users\anasb\AppData\Local\Programs\Python\Python314\Lib\site-packages\starlette\_exception_handler.py", line 53, in wrapped_app
    raise exc
  File "C:\Users\anasb\AppData\Local\Programs\Python\Python314\Lib\site-packages\starlette\_exception_handler.py", line 42, in wrapped_app
    await app(scope, receive, sender)
  File "C:\Users\anasb\AppData\Local\Programs\Python\Python314\Lib\site-packages\fastapi\routing.py", line 137, in app
    await response(scope, receive, send)
  File "C:\Users\anasb\AppData\Local\Programs\Python\Python314\Lib\site-packages\starlette\responses.py", line 273, in __call__
    async with create_collapsing_task_group() as task_group:
               ~~~~~~~~~~~~~~~~~~~~~~~~~~~~^^
  File "C:\Users\anasb\AppData\Local\Programs\Python\Python314\Lib\contextlib.py", line 235, in __aexit__
    await self.gen.athrow(value)
  File "C:\Users\anasb\AppData\Local\Programs\Python\Python314\Lib\site-packages\starlette\_utils.py", line 93, in create_collapsing_task_group
    raise exc from exc.__cause__ or context
  File "C:\Users\anasb\AppData\Local\Programs\Python\Python314\Lib\site-packages\anyio\_core\_tasks.py", line 278, in _run_coro
    retval = await self._coro
             ^^^^^^^^^^^^^^^^
  File "C:\Users\anasb\AppData\Local\Programs\Python\Python314\Lib\site-packages\starlette\responses.py", line 276, in wrap
    await func()
  File "C:\Users\anasb\AppData\Local\Programs\Python\Python314\Lib\site-packages\starlette\responses.py", line 253, in stream_response
    await send({"type": "http.response.body", "body": chunk, "more_body": True})
  File "C:\Users\anasb\AppData\Local\Programs\Python\Python314\Lib\site-packages\starlette\_exception_handler.py", line 39, in sender
    await send(message)
  File "C:\Users\anasb\AppData\Local\Programs\Python\Python314\Lib\site-packages\starlette\_exception_handler.py", line 39, in sender
    await send(message)
  File "C:\Users\anasb\AppData\Local\Programs\Python\Python314\Lib\site-packages\starlette\middleware\errors.py", line 161, in _send
    await send(message)
  File "C:\Users\anasb\AppData\Local\Programs\Python\Python314\Lib\site-packages\uvicorn\protocols\http\h11_impl.py", line 500, in send
    output = self.conn.send(event=h11.Data(data=data))
  File "C:\Users\anasb\AppData\Local\Programs\Python\Python314\Lib\site-packages\h11\_connection.py", line 538, in send
    data_list = self.send_with_data_passthrough(event)
  File "C:\Users\anasb\AppData\Local\Programs\Python\Python314\Lib\site-packages\h11\_connection.py", line 571, in send_with_data_passthrough
    writer(event, data_list.append)
    ~~~~~~^^^^^^^^^^^^^^^^^^^^^^^^^
  File "C:\Users\anasb\AppData\Local\Programs\Python\Python314\Lib\site-packages\h11\_writers.py", line 65, in __call__
    self.send_data(event.data, write)
    ~~~~~~~~~~~~~~^^^^^^^^^^^^^^^^^^^
  File "C:\Users\anasb\AppData\Local\Programs\Python\Python314\Lib\site-packages\h11\_writers.py", line 91, in send_data
    raise LocalProtocolError("Too much data for declared Content-Length")
h11._util.LocalProtocolError: Too much data for declared Content-Length
Exception in callback _ProactorBasePipeTransport._call_connection_lost()
handle: <Handle _ProactorBasePipeTransport._call_connection_lost()>
Traceback (most recent call last):
  File "C:\Users\anasb\AppData\Local\Programs\Python\Python314\Lib\asyncio\events.py", line 94, in _run
    self._context.run(self._callback, *self._args)
    ~~~~~~~~~~~~~~~~~^^^^^^^^^^^^^^^^^^^^^^^^^^^^^
  File "C:\Users\anasb\AppData\Local\Programs\Python\Python314\Lib\asyncio\proactor_events.py", line 165, in _call_connection_lost
    self._sock.shutdown(socket.SHUT_RDWR)
    ~~~~~~~~~~~~~~~~~~~^^^^^^^^^^^^^^^^^^
ConnectionResetError: [WinError 10054] An existing connection was forcibly closed by the remote host
ERROR:    Exception in ASGI application
Traceback (most recent call last):
  File "C:\Users\anasb\OneDrive\Desktop\Me\ripple\backend\services\downloader.py", line 211, in stream_merged
    chunk = await proc.stdout.read(READ_SIZE)
            ^^^^^^^^^^^^^^^^^^^^^^^^^^^^^^^^^
  File "C:\Users\anasb\AppData\Local\Programs\Python\Python314\Lib\asyncio\streams.py", line 730, in read
    await self._wait_for_data('read')
  File "C:\Users\anasb\AppData\Local\Programs\Python\Python314\Lib\asyncio\streams.py", line 539, in _wait_for_data
    await self._waiter
asyncio.exceptions.CancelledError: Cancelled via cancel scope 1c2880882d0 by <Task pending name='Task-32' coro=<RequestResponseCycle.run_asgi() running at C:\Users\anasb\AppData\Local\Programs\Python\Python314\Lib\site-packages\uvicorn\protocols\http\h11_impl.py:403> cb=[set.discard()]>

The above exception was the direct cause of the following exception:

Traceback (most recent call last):
  File "C:\Users\anasb\AppData\Local\Programs\Python\Python314\Lib\site-packages\uvicorn\protocols\http\h11_impl.py", line 403, in run_asgi
    result = await app(  # type: ignore[func-returns-value]
             ^^^^^^^^^^^^^^^^^^^^^^^^^^^^^^^^^^^^^^^^^^^^^^
        self.scope, self.receive, self.send
        ^^^^^^^^^^^^^^^^^^^^^^^^^^^^^^^^^^^
    )
    ^
  File "C:\Users\anasb\AppData\Local\Programs\Python\Python314\Lib\site-packages\uvicorn\middleware\proxy_headers.py", line 60, in __call__
    return await self.app(scope, receive, send)
           ^^^^^^^^^^^^^^^^^^^^^^^^^^^^^^^^^^^^
  File "C:\Users\anasb\AppData\Local\Programs\Python\Python314\Lib\site-packages\fastapi\applications.py", line 1163, in __call__
    await super().__call__(scope, receive, send)
  File "C:\Users\anasb\AppData\Local\Programs\Python\Python314\Lib\site-packages\starlette\applications.py", line 90, in __call__
    await self.middleware_stack(scope, receive, send)
  File "C:\Users\anasb\AppData\Local\Programs\Python\Python314\Lib\site-packages\starlette\middleware\errors.py", line 186, in __call__
    raise exc
  File "C:\Users\anasb\AppData\Local\Programs\Python\Python314\Lib\site-packages\starlette\middleware\errors.py", line 164, in __call__
    await self.app(scope, receive, _send)
  File "C:\Users\anasb\AppData\Local\Programs\Python\Python314\Lib\site-packages\starlette\middleware\cors.py", line 88, in __call__
    await self.app(scope, receive, send)
  File "C:\Users\anasb\AppData\Local\Programs\Python\Python314\Lib\site-packages\starlette\middleware\exceptions.py", line 63, in __call__
    await wrap_app_handling_exceptions(self.app, conn)(scope, receive, send)
  File "C:\Users\anasb\AppData\Local\Programs\Python\Python314\Lib\site-packages\starlette\_exception_handler.py", line 53, in wrapped_app
    raise exc
  File "C:\Users\anasb\AppData\Local\Programs\Python\Python314\Lib\site-packages\starlette\_exception_handler.py", line 42, in wrapped_app
    await app(scope, receive, sender)
  File "C:\Users\anasb\AppData\Local\Programs\Python\Python314\Lib\site-packages\fastapi\middleware\asyncexitstack.py", line 18, in __call__
    await self.app(scope, receive, send)
  File "C:\Users\anasb\AppData\Local\Programs\Python\Python314\Lib\site-packages\starlette\routing.py", line 660, in __call__
    await self.middleware_stack(scope, receive, send)
  File "C:\Users\anasb\AppData\Local\Programs\Python\Python314\Lib\site-packages\fastapi\routing.py", line 2531, in app
    await route.handle(scope, receive, send)
  File "C:\Users\anasb\AppData\Local\Programs\Python\Python314\Lib\site-packages\fastapi\routing.py", line 1241, in handle
    await super().handle(scope, receive, send)
  File "C:\Users\anasb\AppData\Local\Programs\Python\Python314\Lib\site-packages\starlette\routing.py", line 276, in handle
    await self.app(scope, receive, send)
  File "C:\Users\anasb\AppData\Local\Programs\Python\Python314\Lib\site-packages\fastapi\routing.py", line 150, in app
    await wrap_app_handling_exceptions(app, request)(scope, receive, send)
  File "C:\Users\anasb\AppData\Local\Programs\Python\Python314\Lib\site-packages\starlette\_exception_handler.py", line 53, in wrapped_app
    raise exc
  File "C:\Users\anasb\AppData\Local\Programs\Python\Python314\Lib\site-packages\starlette\_exception_handler.py", line 42, in wrapped_app
    await app(scope, receive, sender)
  File "C:\Users\anasb\AppData\Local\Programs\Python\Python314\Lib\site-packages\fastapi\routing.py", line 137, in app
    await response(scope, receive, send)
  File "C:\Users\anasb\AppData\Local\Programs\Python\Python314\Lib\site-packages\starlette\responses.py", line 273, in __call__
    async with create_collapsing_task_group() as task_group:
               ~~~~~~~~~~~~~~~~~~~~~~~~~~~~^^
  File "C:\Users\anasb\AppData\Local\Programs\Python\Python314\Lib\contextlib.py", line 221, in __aexit__
    await anext(self.gen)
  File "C:\Users\anasb\AppData\Local\Programs\Python\Python314\Lib\site-packages\starlette\_utils.py", line 93, in create_collapsing_task_group
    raise exc from exc.__cause__ or context
  File "C:\Users\anasb\AppData\Local\Programs\Python\Python314\Lib\site-packages\anyio\_core\_tasks.py", line 278, in _run_coro
    retval = await self._coro
             ^^^^^^^^^^^^^^^^
  File "C:\Users\anasb\AppData\Local\Programs\Python\Python314\Lib\site-packages\starlette\responses.py", line 276, in wrap
    await func()
  File "C:\Users\anasb\AppData\Local\Programs\Python\Python314\Lib\site-packages\starlette\responses.py", line 250, in stream_response
    async for chunk in self.body_iterator:
    ...<2 lines>...
        await send({"type": "http.response.body", "body": chunk, "more_body": True})
  File "C:\Users\anasb\OneDrive\Desktop\Me\ripple\backend\services\downloader.py", line 220, in stream_merged
    os.unlink(vf_name)
    ~~~~~~~~~^^^^^^^^^
PermissionError: [WinError 32] The process cannot access the file because it is being used by another process: 'C:\\Users\\anasb\\AppData\\Local\\Temp\\tmpotw3xbm4.mp4'
ERROR:    Exception in ASGI application
Traceback (most recent call last):
  File "C:\Users\anasb\AppData\Local\Programs\Python\Python314\Lib\site-packages\uvicorn\protocols\http\h11_impl.py", line 403, in run_asgi
    result = await app(  # type: ignore[func-returns-value]
             ^^^^^^^^^^^^^^^^^^^^^^^^^^^^^^^^^^^^^^^^^^^^^^
        self.scope, self.receive, self.send
        ^^^^^^^^^^^^^^^^^^^^^^^^^^^^^^^^^^^
    )
    ^
  File "C:\Users\anasb\AppData\Local\Programs\Python\Python314\Lib\site-packages\uvicorn\middleware\proxy_headers.py", line 60, in __call__
    return await self.app(scope, receive, send)
           ^^^^^^^^^^^^^^^^^^^^^^^^^^^^^^^^^^^^
  File "C:\Users\anasb\AppData\Local\Programs\Python\Python314\Lib\site-packages\fastapi\applications.py", line 1163, in __call__
    await super().__call__(scope, receive, send)
  File "C:\Users\anasb\AppData\Local\Programs\Python\Python314\Lib\site-packages\starlette\applications.py", line 90, in __call__
    await self.middleware_stack(scope, receive, send)
  File "C:\Users\anasb\AppData\Local\Programs\Python\Python314\Lib\site-packages\starlette\middleware\errors.py", line 186, in __call__
    raise exc
  File "C:\Users\anasb\AppData\Local\Programs\Python\Python314\Lib\site-packages\starlette\middleware\errors.py", line 164, in __call__
    await self.app(scope, receive, _send)
  File "C:\Users\anasb\AppData\Local\Programs\Python\Python314\Lib\site-packages\starlette\middleware\cors.py", line 88, in __call__
    await self.app(scope, receive, send)
  File "C:\Users\anasb\AppData\Local\Programs\Python\Python314\Lib\site-packages\starlette\middleware\exceptions.py", line 63, in __call__
    await wrap_app_handling_exceptions(self.app, conn)(scope, receive, send)
  File "C:\Users\anasb\AppData\Local\Programs\Python\Python314\Lib\site-packages\starlette\_exception_handler.py", line 53, in wrapped_app
    raise exc
  File "C:\Users\anasb\AppData\Local\Programs\Python\Python314\Lib\site-packages\starlette\_exception_handler.py", line 42, in wrapped_app
    await app(scope, receive, sender)
  File "C:\Users\anasb\AppData\Local\Programs\Python\Python314\Lib\site-packages\fastapi\middleware\asyncexitstack.py", line 18, in __call__
    await self.app(scope, receive, send)
  File "C:\Users\anasb\AppData\Local\Programs\Python\Python314\Lib\site-packages\starlette\routing.py", line 660, in __call__
    await self.middleware_stack(scope, receive, send)
  File "C:\Users\anasb\AppData\Local\Programs\Python\Python314\Lib\site-packages\fastapi\routing.py", line 2531, in app
    await route.handle(scope, receive, send)
  File "C:\Users\anasb\AppData\Local\Programs\Python\Python314\Lib\site-packages\fastapi\routing.py", line 1241, in handle
    await super().handle(scope, receive, send)
  File "C:\Users\anasb\AppData\Local\Programs\Python\Python314\Lib\site-packages\starlette\routing.py", line 276, in handle
    await self.app(scope, receive, send)
  File "C:\Users\anasb\AppData\Local\Programs\Python\Python314\Lib\site-packages\fastapi\routing.py", line 150, in app
    await wrap_app_handling_exceptions(app, request)(scope, receive, send)
  File "C:\Users\anasb\AppData\Local\Programs\Python\Python314\Lib\site-packages\starlette\_exception_handler.py", line 53, in wrapped_app
    raise exc
  File "C:\Users\anasb\AppData\Local\Programs\Python\Python314\Lib\site-packages\starlette\_exception_handler.py", line 42, in wrapped_app
    await app(scope, receive, sender)
  File "C:\Users\anasb\AppData\Local\Programs\Python\Python314\Lib\site-packages\fastapi\routing.py", line 137, in app
    await response(scope, receive, send)
  File "C:\Users\anasb\AppData\Local\Programs\Python\Python314\Lib\site-packages\starlette\responses.py", line 273, in __call__
    async with create_collapsing_task_group() as task_group:
               ~~~~~~~~~~~~~~~~~~~~~~~~~~~~^^
  File "C:\Users\anasb\AppData\Local\Programs\Python\Python314\Lib\contextlib.py", line 235, in __aexit__
    await self.gen.athrow(value)
  File "C:\Users\anasb\AppData\Local\Programs\Python\Python314\Lib\site-packages\starlette\_utils.py", line 93, in create_collapsing_task_group
    raise exc from exc.__cause__ or context
  File "C:\Users\anasb\AppData\Local\Programs\Python\Python314\Lib\site-packages\anyio\_core\_tasks.py", line 278, in _run_coro
    retval = await self._coro
             ^^^^^^^^^^^^^^^^
  File "C:\Users\anasb\AppData\Local\Programs\Python\Python314\Lib\site-packages\starlette\responses.py", line 276, in wrap
    await func()
  File "C:\Users\anasb\AppData\Local\Programs\Python\Python314\Lib\site-packages\starlette\responses.py", line 253, in stream_response
    await send({"type": "http.response.body", "body": chunk, "more_body": True})
  File "C:\Users\anasb\AppData\Local\Programs\Python\Python314\Lib\site-packages\starlette\_exception_handler.py", line 39, in sender
    await send(message)
  File "C:\Users\anasb\AppData\Local\Programs\Python\Python314\Lib\site-packages\starlette\_exception_handler.py", line 39, in sender
    await send(message)
  File "C:\Users\anasb\AppData\Local\Programs\Python\Python314\Lib\site-packages\starlette\middleware\errors.py", line 161, in _send
    await send(message)
  File "C:\Users\anasb\AppData\Local\Programs\Python\Python314\Lib\site-packages\uvicorn\protocols\http\h11_impl.py", line 500, in send
    output = self.conn.send(event=h11.Data(data=data))
  File "C:\Users\anasb\AppData\Local\Programs\Python\Python314\Lib\site-packages\h11\_connection.py", line 538, in send
    data_list = self.send_with_data_passthrough(event)
  File "C:\Users\anasb\AppData\Local\Programs\Python\Python314\Lib\site-packages\h11\_connection.py", line 571, in send_with_data_passthrough
    writer(event, data_list.append)
    ~~~~~~^^^^^^^^^^^^^^^^^^^^^^^^^
  File "C:\Users\anasb\AppData\Local\Programs\Python\Python314\Lib\site-packages\h11\_writers.py", line 65, in __call__
    self.send_data(event.data, write)
    ~~~~~~~~~~~~~~^^^^^^^^^^^^^^^^^^^
  File "C:\Users\anasb\AppData\Local\Programs\Python\Python314\Lib\site-packages\h11\_writers.py", line 91, in send_data
    raise LocalProtocolError("Too much data for declared Content-Length")
h11._util.LocalProtocolError: Too much data for declared Content-Length
ERROR:    Exception in ASGI application
Traceback (most recent call last):
  File "C:\Users\anasb\AppData\Local\Programs\Python\Python314\Lib\site-packages\uvicorn\protocols\http\h11_impl.py", line 403, in run_asgi
    result = await app(  # type: ignore[func-returns-value]
             ^^^^^^^^^^^^^^^^^^^^^^^^^^^^^^^^^^^^^^^^^^^^^^
        self.scope, self.receive, self.send
        ^^^^^^^^^^^^^^^^^^^^^^^^^^^^^^^^^^^
    )
    ^
  File "C:\Users\anasb\AppData\Local\Programs\Python\Python314\Lib\site-packages\uvicorn\middleware\proxy_headers.py", line 60, in __call__
    return await self.app(scope, receive, send)
           ^^^^^^^^^^^^^^^^^^^^^^^^^^^^^^^^^^^^
  File "C:\Users\anasb\AppData\Local\Programs\Python\Python314\Lib\site-packages\fastapi\applications.py", line 1163, in __call__
    await super().__call__(scope, receive, send)
  File "C:\Users\anasb\AppData\Local\Programs\Python\Python314\Lib\site-packages\starlette\applications.py", line 90, in __call__
    await self.middleware_stack(scope, receive, send)
  File "C:\Users\anasb\AppData\Local\Programs\Python\Python314\Lib\site-packages\starlette\middleware\errors.py", line 186, in __call__
    raise exc
  File "C:\Users\anasb\AppData\Local\Programs\Python\Python314\Lib\site-packages\starlette\middleware\errors.py", line 164, in __call__
    await self.app(scope, receive, _send)
  File "C:\Users\anasb\AppData\Local\Programs\Python\Python314\Lib\site-packages\starlette\middleware\cors.py", line 88, in __call__
    await self.app(scope, receive, send)
  File "C:\Users\anasb\AppData\Local\Programs\Python\Python314\Lib\site-packages\starlette\middleware\exceptions.py", line 63, in __call__
    await wrap_app_handling_exceptions(self.app, conn)(scope, receive, send)
  File "C:\Users\anasb\AppData\Local\Programs\Python\Python314\Lib\site-packages\starlette\_exception_handler.py", line 53, in wrapped_app
    raise exc
  File "C:\Users\anasb\AppData\Local\Programs\Python\Python314\Lib\site-packages\starlette\_exception_handler.py", line 42, in wrapped_app
    await app(scope, receive, sender)
  File "C:\Users\anasb\AppData\Local\Programs\Python\Python314\Lib\site-packages\fastapi\middleware\asyncexitstack.py", line 18, in __call__
    await self.app(scope, receive, send)
  File "C:\Users\anasb\AppData\Local\Programs\Python\Python314\Lib\site-packages\starlette\routing.py", line 660, in __call__
    await self.middleware_stack(scope, receive, send)
  File "C:\Users\anasb\AppData\Local\Programs\Python\Python314\Lib\site-packages\fastapi\routing.py", line 2531, in app
    await route.handle(scope, receive, send)
  File "C:\Users\anasb\AppData\Local\Programs\Python\Python314\Lib\site-packages\fastapi\routing.py", line 1241, in handle
    await super().handle(scope, receive, send)
  File "C:\Users\anasb\AppData\Local\Programs\Python\Python314\Lib\site-packages\starlette\routing.py", line 276, in handle
    await self.app(scope, receive, send)
  File "C:\Users\anasb\AppData\Local\Programs\Python\Python314\Lib\site-packages\fastapi\routing.py", line 150, in app
    await wrap_app_handling_exceptions(app, request)(scope, receive, send)
  File "C:\Users\anasb\AppData\Local\Programs\Python\Python314\Lib\site-packages\starlette\_exception_handler.py", line 53, in wrapped_app
    raise exc
  File "C:\Users\anasb\AppData\Local\Programs\Python\Python314\Lib\site-packages\starlette\_exception_handler.py", line 42, in wrapped_app
    await app(scope, receive, sender)
  File "C:\Users\anasb\AppData\Local\Programs\Python\Python314\Lib\site-packages\fastapi\routing.py", line 137, in app
    await response(scope, receive, send)
  File "C:\Users\anasb\AppData\Local\Programs\Python\Python314\Lib\site-packages\starlette\responses.py", line 273, in __call__
    async with create_collapsing_task_group() as task_group:
               ~~~~~~~~~~~~~~~~~~~~~~~~~~~~^^
  File "C:\Users\anasb\AppData\Local\Programs\Python\Python314\Lib\contextlib.py", line 235, in __aexit__
    await self.gen.athrow(value)
  File "C:\Users\anasb\AppData\Local\Programs\Python\Python314\Lib\site-packages\starlette\_utils.py", line 93, in create_collapsing_task_group
    raise exc from exc.__cause__ or context
  File "C:\Users\anasb\AppData\Local\Programs\Python\Python314\Lib\site-packages\anyio\_core\_tasks.py", line 278, in _run_coro
    retval = await self._coro
             ^^^^^^^^^^^^^^^^
  File "C:\Users\anasb\AppData\Local\Programs\Python\Python314\Lib\site-packages\starlette\responses.py", line 276, in wrap
    await func()
  File "C:\Users\anasb\AppData\Local\Programs\Python\Python314\Lib\site-packages\starlette\responses.py", line 253, in stream_response
    await send({"type": "http.response.body", "body": chunk, "more_body": True})
  File "C:\Users\anasb\AppData\Local\Programs\Python\Python314\Lib\site-packages\starlette\_exception_handler.py", line 39, in sender
    await send(message)
  File "C:\Users\anasb\AppData\Local\Programs\Python\Python314\Lib\site-packages\starlette\_exception_handler.py", line 39, in sender
    await send(message)
  File "C:\Users\anasb\AppData\Local\Programs\Python\Python314\Lib\site-packages\starlette\middleware\errors.py", line 161, in _send
    await send(message)
  File "C:\Users\anasb\AppData\Local\Programs\Python\Python314\Lib\site-packages\uvicorn\protocols\http\h11_impl.py", line 500, in send
    output = self.conn.send(event=h11.Data(data=data))
  File "C:\Users\anasb\AppData\Local\Programs\Python\Python314\Lib\site-packages\h11\_connection.py", line 538, in send
    data_list = self.send_with_data_passthrough(event)
  File "C:\Users\anasb\AppData\Local\Programs\Python\Python314\Lib\site-packages\h11\_connection.py", line 571, in send_with_data_passthrough
    writer(event, data_list.append)
    ~~~~~~^^^^^^^^^^^^^^^^^^^^^^^^^
  File "C:\Users\anasb\AppData\Local\Programs\Python\Python314\Lib\site-packages\h11\_writers.py", line 65, in __call__
    self.send_data(event.data, write)
    ~~~~~~~~~~~~~~^^^^^^^^^^^^^^^^^^^
  File "C:\Users\anasb\AppData\Local\Programs\Python\Python314\Lib\site-packages\h11\_writers.py", line 91, in send_data
    raise LocalProtocolError("Too much data for declared Content-Length")
h11._util.LocalProtocolError: Too much data for declared Content-Length
ERROR:    Exception in ASGI application
Traceback (most recent call last):
  File "C:\Users\anasb\AppData\Local\Programs\Python\Python314\Lib\site-packages\uvicorn\protocols\http\h11_impl.py", line 403, in run_asgi
    result = await app(  # type: ignore[func-returns-value]
             ^^^^^^^^^^^^^^^^^^^^^^^^^^^^^^^^^^^^^^^^^^^^^^
        self.scope, self.receive, self.send
        ^^^^^^^^^^^^^^^^^^^^^^^^^^^^^^^^^^^
    )
    ^
  File "C:\Users\anasb\AppData\Local\Programs\Python\Python314\Lib\site-packages\uvicorn\middleware\proxy_headers.py", line 60, in __call__
    return await self.app(scope, receive, send)
           ^^^^^^^^^^^^^^^^^^^^^^^^^^^^^^^^^^^^
  File "C:\Users\anasb\AppData\Local\Programs\Python\Python314\Lib\site-packages\fastapi\applications.py", line 1163, in __call__
    await super().__call__(scope, receive, send)
  File "C:\Users\anasb\AppData\Local\Programs\Python\Python314\Lib\site-packages\starlette\applications.py", line 90, in __call__
    await self.middleware_stack(scope, receive, send)
  File "C:\Users\anasb\AppData\Local\Programs\Python\Python314\Lib\site-packages\starlette\middleware\errors.py", line 186, in __call__
    raise exc
  File "C:\Users\anasb\AppData\Local\Programs\Python\Python314\Lib\site-packages\starlette\middleware\errors.py", line 164, in __call__
    await self.app(scope, receive, _send)
  File "C:\Users\anasb\AppData\Local\Programs\Python\Python314\Lib\site-packages\starlette\middleware\cors.py", line 88, in __call__
    await self.app(scope, receive, send)
  File "C:\Users\anasb\AppData\Local\Programs\Python\Python314\Lib\site-packages\starlette\middleware\exceptions.py", line 63, in __call__
    await wrap_app_handling_exceptions(self.app, conn)(scope, receive, send)
  File "C:\Users\anasb\AppData\Local\Programs\Python\Python314\Lib\site-packages\starlette\_exception_handler.py", line 53, in wrapped_app
    raise exc
  File "C:\Users\anasb\AppData\Local\Programs\Python\Python314\Lib\site-packages\starlette\_exception_handler.py", line 42, in wrapped_app
    await app(scope, receive, sender)
  File "C:\Users\anasb\AppData\Local\Programs\Python\Python314\Lib\site-packages\fastapi\middleware\asyncexitstack.py", line 18, in __call__
    await self.app(scope, receive, send)
  File "C:\Users\anasb\AppData\Local\Programs\Python\Python314\Lib\site-packages\starlette\routing.py", line 660, in __call__
    await self.middleware_stack(scope, receive, send)
  File "C:\Users\anasb\AppData\Local\Programs\Python\Python314\Lib\site-packages\fastapi\routing.py", line 2531, in app
    await route.handle(scope, receive, send)
  File "C:\Users\anasb\AppData\Local\Programs\Python\Python314\Lib\site-packages\fastapi\routing.py", line 1241, in handle
    await super().handle(scope, receive, send)
  File "C:\Users\anasb\AppData\Local\Programs\Python\Python314\Lib\site-packages\starlette\routing.py", line 276, in handle
    await self.app(scope, receive, send)
  File "C:\Users\anasb\AppData\Local\Programs\Python\Python314\Lib\site-packages\fastapi\routing.py", line 150, in app
    await wrap_app_handling_exceptions(app, request)(scope, receive, send)
  File "C:\Users\anasb\AppData\Local\Programs\Python\Python314\Lib\site-packages\starlette\_exception_handler.py", line 53, in wrapped_app
    raise exc
  File "C:\Users\anasb\AppData\Local\Programs\Python\Python314\Lib\site-packages\starlette\_exception_handler.py", line 42, in wrapped_app
    await app(scope, receive, sender)
  File "C:\Users\anasb\AppData\Local\Programs\Python\Python314\Lib\site-packages\fastapi\routing.py", line 137, in app
    await response(scope, receive, send)
  File "C:\Users\anasb\AppData\Local\Programs\Python\Python314\Lib\site-packages\starlette\responses.py", line 273, in __call__
    async with create_collapsing_task_group() as task_group:
               ~~~~~~~~~~~~~~~~~~~~~~~~~~~~^^
  File "C:\Users\anasb\AppData\Local\Programs\Python\Python314\Lib\contextlib.py", line 235, in __aexit__
    await self.gen.athrow(value)
  File "C:\Users\anasb\AppData\Local\Programs\Python\Python314\Lib\site-packages\starlette\_utils.py", line 93, in create_collapsing_task_group
    raise exc from exc.__cause__ or context
  File "C:\Users\anasb\AppData\Local\Programs\Python\Python314\Lib\site-packages\anyio\_core\_tasks.py", line 278, in _run_coro
    retval = await self._coro
             ^^^^^^^^^^^^^^^^
  File "C:\Users\anasb\AppData\Local\Programs\Python\Python314\Lib\site-packages\starlette\responses.py", line 276, in wrap
    await func()
  File "C:\Users\anasb\AppData\Local\Programs\Python\Python314\Lib\site-packages\starlette\responses.py", line 253, in stream_response
    await send({"type": "http.response.body", "body": chunk, "more_body": True})
  File "C:\Users\anasb\AppData\Local\Programs\Python\Python314\Lib\site-packages\starlette\_exception_handler.py", line 39, in sender
    await send(message)
  File "C:\Users\anasb\AppData\Local\Programs\Python\Python314\Lib\site-packages\starlette\_exception_handler.py", line 39, in sender
    await send(message)
  File "C:\Users\anasb\AppData\Local\Programs\Python\Python314\Lib\site-packages\starlette\middleware\errors.py", line 161, in _send
    await send(message)
  File "C:\Users\anasb\AppData\Local\Programs\Python\Python314\Lib\site-packages\uvicorn\protocols\http\h11_impl.py", line 500, in send
    output = self.conn.send(event=h11.Data(data=data))
  File "C:\Users\anasb\AppData\Local\Programs\Python\Python314\Lib\site-packages\h11\_connection.py", line 538, in send
    data_list = self.send_with_data_passthrough(event)
  File "C:\Users\anasb\AppData\Local\Programs\Python\Python314\Lib\site-packages\h11\_connection.py", line 571, in send_with_data_passthrough
    writer(event, data_list.append)
    ~~~~~~^^^^^^^^^^^^^^^^^^^^^^^^^
  File "C:\Users\anasb\AppData\Local\Programs\Python\Python314\Lib\site-packages\h11\_writers.py", line 65, in __call__
    self.send_data(event.data, write)
    ~~~~~~~~~~~~~~^^^^^^^^^^^^^^^^^^^
  File "C:\Users\anasb\AppData\Local\Programs\Python\Python314\Lib\site-packages\h11\_writers.py", line 91, in send_data
    raise LocalProtocolError("Too much data for declared Content-Length")
h11._util.LocalProtocolError: Too much data for declared Content-Length
ERROR:    Exception in ASGI application
Traceback (most recent call last):
  File "C:\Users\anasb\AppData\Local\Programs\Python\Python314\Lib\site-packages\uvicorn\protocols\http\h11_impl.py", line 403, in run_asgi
    result = await app(  # type: ignore[func-returns-value]
             ^^^^^^^^^^^^^^^^^^^^^^^^^^^^^^^^^^^^^^^^^^^^^^
        self.scope, self.receive, self.send
        ^^^^^^^^^^^^^^^^^^^^^^^^^^^^^^^^^^^
    )
    ^
  File "C:\Users\anasb\AppData\Local\Programs\Python\Python314\Lib\site-packages\uvicorn\middleware\proxy_headers.py", line 60, in __call__
    return await self.app(scope, receive, send)
           ^^^^^^^^^^^^^^^^^^^^^^^^^^^^^^^^^^^^
  File "C:\Users\anasb\AppData\Local\Programs\Python\Python314\Lib\site-packages\fastapi\applications.py", line 1163, in __call__
    await super().__call__(scope, receive, send)
  File "C:\Users\anasb\AppData\Local\Programs\Python\Python314\Lib\site-packages\starlette\applications.py", line 90, in __call__
    await self.middleware_stack(scope, receive, send)
  File "C:\Users\anasb\AppData\Local\Programs\Python\Python314\Lib\site-packages\starlette\middleware\errors.py", line 186, in __call__
    raise exc
  File "C:\Users\anasb\AppData\Local\Programs\Python\Python314\Lib\site-packages\starlette\middleware\errors.py", line 164, in __call__
    await self.app(scope, receive, _send)
  File "C:\Users\anasb\AppData\Local\Programs\Python\Python314\Lib\site-packages\starlette\middleware\cors.py", line 88, in __call__
    await self.app(scope, receive, send)
  File "C:\Users\anasb\AppData\Local\Programs\Python\Python314\Lib\site-packages\starlette\middleware\exceptions.py", line 63, in __call__
    await wrap_app_handling_exceptions(self.app, conn)(scope, receive, send)
  File "C:\Users\anasb\AppData\Local\Programs\Python\Python314\Lib\site-packages\starlette\_exception_handler.py", line 53, in wrapped_app
    raise exc
  File "C:\Users\anasb\AppData\Local\Programs\Python\Python314\Lib\site-packages\starlette\_exception_handler.py", line 42, in wrapped_app
    await app(scope, receive, sender)
  File "C:\Users\anasb\AppData\Local\Programs\Python\Python314\Lib\site-packages\fastapi\middleware\asyncexitstack.py", line 18, in __call__
    await self.app(scope, receive, send)
  File "C:\Users\anasb\AppData\Local\Programs\Python\Python314\Lib\site-packages\starlette\routing.py", line 660, in __call__
    await self.middleware_stack(scope, receive, send)
  File "C:\Users\anasb\AppData\Local\Programs\Python\Python314\Lib\site-packages\fastapi\routing.py", line 2531, in app
    await route.handle(scope, receive, send)
  File "C:\Users\anasb\AppData\Local\Programs\Python\Python314\Lib\site-packages\fastapi\routing.py", line 1241, in handle
    await super().handle(scope, receive, send)
  File "C:\Users\anasb\AppData\Local\Programs\Python\Python314\Lib\site-packages\starlette\routing.py", line 276, in handle
    await self.app(scope, receive, send)
  File "C:\Users\anasb\AppData\Local\Programs\Python\Python314\Lib\site-packages\fastapi\routing.py", line 150, in app
    await wrap_app_handling_exceptions(app, request)(scope, receive, send)
  File "C:\Users\anasb\AppData\Local\Programs\Python\Python314\Lib\site-packages\starlette\_exception_handler.py", line 53, in wrapped_app
    raise exc
  File "C:\Users\anasb\AppData\Local\Programs\Python\Python314\Lib\site-packages\starlette\_exception_handler.py", line 42, in wrapped_app
    await app(scope, receive, sender)
  File "C:\Users\anasb\AppData\Local\Programs\Python\Python314\Lib\site-packages\fastapi\routing.py", line 137, in app
    await response(scope, receive, send)
  File "C:\Users\anasb\AppData\Local\Programs\Python\Python314\Lib\site-packages\starlette\responses.py", line 273, in __call__
    async with create_collapsing_task_group() as task_group:
               ~~~~~~~~~~~~~~~~~~~~~~~~~~~~^^
  File "C:\Users\anasb\AppData\Local\Programs\Python\Python314\Lib\contextlib.py", line 235, in __aexit__
    await self.gen.athrow(value)
  File "C:\Users\anasb\AppData\Local\Programs\Python\Python314\Lib\site-packages\starlette\_utils.py", line 93, in create_collapsing_task_group
    raise exc from exc.__cause__ or context
  File "C:\Users\anasb\AppData\Local\Programs\Python\Python314\Lib\site-packages\anyio\_core\_tasks.py", line 278, in _run_coro
    retval = await self._coro
             ^^^^^^^^^^^^^^^^
  File "C:\Users\anasb\AppData\Local\Programs\Python\Python314\Lib\site-packages\starlette\responses.py", line 276, in wrap
    await func()
  File "C:\Users\anasb\AppData\Local\Programs\Python\Python314\Lib\site-packages\starlette\responses.py", line 253, in stream_response
    await send({"type": "http.response.body", "body": chunk, "more_body": True})
  File "C:\Users\anasb\AppData\Local\Programs\Python\Python314\Lib\site-packages\starlette\_exception_handler.py", line 39, in sender
    await send(message)
  File "C:\Users\anasb\AppData\Local\Programs\Python\Python314\Lib\site-packages\starlette\_exception_handler.py", line 39, in sender
    await send(message)
  File "C:\Users\anasb\AppData\Local\Programs\Python\Python314\Lib\site-packages\starlette\middleware\errors.py", line 161, in _send
    await send(message)
  File "C:\Users\anasb\AppData\Local\Programs\Python\Python314\Lib\site-packages\uvicorn\protocols\http\h11_impl.py", line 500, in send
    output = self.conn.send(event=h11.Data(data=data))
  File "C:\Users\anasb\AppData\Local\Programs\Python\Python314\Lib\site-packages\h11\_connection.py", line 538, in send
    data_list = self.send_with_data_passthrough(event)
  File "C:\Users\anasb\AppData\Local\Programs\Python\Python314\Lib\site-packages\h11\_connection.py", line 571, in send_with_data_passthrough
    writer(event, data_list.append)
    ~~~~~~^^^^^^^^^^^^^^^^^^^^^^^^^
  File "C:\Users\anasb\AppData\Local\Programs\Python\Python314\Lib\site-packages\h11\_writers.py", line 65, in __call__
    self.send_data(event.data, write)
    ~~~~~~~~~~~~~~^^^^^^^^^^^^^^^^^^^
  File "C:\Users\anasb\AppData\Local\Programs\Python\Python314\Lib\site-packages\h11\_writers.py", line 91, in send_data
    raise LocalProtocolError("Too much data for declared Content-Length")
h11._util.LocalProtocolError: Too much data for declared Content-Length
ERROR:    Exception in ASGI application
Traceback (most recent call last):
  File "C:\Users\anasb\AppData\Local\Programs\Python\Python314\Lib\site-packages\uvicorn\protocols\http\h11_impl.py", line 403, in run_asgi
    result = await app(  # type: ignore[func-returns-value]
             ^^^^^^^^^^^^^^^^^^^^^^^^^^^^^^^^^^^^^^^^^^^^^^
        self.scope, self.receive, self.send
        ^^^^^^^^^^^^^^^^^^^^^^^^^^^^^^^^^^^
    )
    ^
  File "C:\Users\anasb\AppData\Local\Programs\Python\Python314\Lib\site-packages\uvicorn\middleware\proxy_headers.py", line 60, in __call__
    return await self.app(scope, receive, send)
           ^^^^^^^^^^^^^^^^^^^^^^^^^^^^^^^^^^^^
  File "C:\Users\anasb\AppData\Local\Programs\Python\Python314\Lib\site-packages\fastapi\applications.py", line 1163, in __call__
    await super().__call__(scope, receive, send)
  File "C:\Users\anasb\AppData\Local\Programs\Python\Python314\Lib\site-packages\starlette\applications.py", line 90, in __call__
    await self.middleware_stack(scope, receive, send)
  File "C:\Users\anasb\AppData\Local\Programs\Python\Python314\Lib\site-packages\starlette\middleware\errors.py", line 186, in __call__
    raise exc
  File "C:\Users\anasb\AppData\Local\Programs\Python\Python314\Lib\site-packages\starlette\middleware\errors.py", line 164, in __call__
    await self.app(scope, receive, _send)
  File "C:\Users\anasb\AppData\Local\Programs\Python\Python314\Lib\site-packages\starlette\middleware\cors.py", line 88, in __call__
    await self.app(scope, receive, send)
  File "C:\Users\anasb\AppData\Local\Programs\Python\Python314\Lib\site-packages\starlette\middleware\exceptions.py", line 63, in __call__
    await wrap_app_handling_exceptions(self.app, conn)(scope, receive, send)
  File "C:\Users\anasb\AppData\Local\Programs\Python\Python314\Lib\site-packages\starlette\_exception_handler.py", line 53, in wrapped_app
    raise exc
  File "C:\Users\anasb\AppData\Local\Programs\Python\Python314\Lib\site-packages\starlette\_exception_handler.py", line 42, in wrapped_app
    await app(scope, receive, sender)
  File "C:\Users\anasb\AppData\Local\Programs\Python\Python314\Lib\site-packages\fastapi\middleware\asyncexitstack.py", line 18, in __call__
    await self.app(scope, receive, send)
  File "C:\Users\anasb\AppData\Local\Programs\Python\Python314\Lib\site-packages\starlette\routing.py", line 660, in __call__
    await self.middleware_stack(scope, receive, send)
  File "C:\Users\anasb\AppData\Local\Programs\Python\Python314\Lib\site-packages\fastapi\routing.py", line 2531, in app
    await route.handle(scope, receive, send)
  File "C:\Users\anasb\AppData\Local\Programs\Python\Python314\Lib\site-packages\fastapi\routing.py", line 1241, in handle
    await super().handle(scope, receive, send)
  File "C:\Users\anasb\AppData\Local\Programs\Python\Python314\Lib\site-packages\starlette\routing.py", line 276, in handle
    await self.app(scope, receive, send)
  File "C:\Users\anasb\AppData\Local\Programs\Python\Python314\Lib\site-packages\fastapi\routing.py", line 150, in app
    await wrap_app_handling_exceptions(app, request)(scope, receive, send)
  File "C:\Users\anasb\AppData\Local\Programs\Python\Python314\Lib\site-packages\starlette\_exception_handler.py", line 53, in wrapped_app
    raise exc
  File "C:\Users\anasb\AppData\Local\Programs\Python\Python314\Lib\site-packages\starlette\_exception_handler.py", line 42, in wrapped_app
    await app(scope, receive, sender)
  File "C:\Users\anasb\AppData\Local\Programs\Python\Python314\Lib\site-packages\fastapi\routing.py", line 137, in app
    await response(scope, receive, send)
  File "C:\Users\anasb\AppData\Local\Programs\Python\Python314\Lib\site-packages\starlette\responses.py", line 273, in __call__
    async with create_collapsing_task_group() as task_group:
               ~~~~~~~~~~~~~~~~~~~~~~~~~~~~^^
  File "C:\Users\anasb\AppData\Local\Programs\Python\Python314\Lib\contextlib.py", line 235, in __aexit__
    await self.gen.athrow(value)
  File "C:\Users\anasb\AppData\Local\Programs\Python\Python314\Lib\site-packages\starlette\_utils.py", line 93, in create_collapsing_task_group
    raise exc from exc.__cause__ or context
  File "C:\Users\anasb\AppData\Local\Programs\Python\Python314\Lib\site-packages\anyio\_core\_tasks.py", line 278, in _run_coro
    retval = await self._coro
             ^^^^^^^^^^^^^^^^
  File "C:\Users\anasb\AppData\Local\Programs\Python\Python314\Lib\site-packages\starlette\responses.py", line 276, in wrap
    await func()
  File "C:\Users\anasb\AppData\Local\Programs\Python\Python314\Lib\site-packages\starlette\responses.py", line 253, in stream_response
    await send({"type": "http.response.body", "body": chunk, "more_body": True})
  File "C:\Users\anasb\AppData\Local\Programs\Python\Python314\Lib\site-packages\starlette\_exception_handler.py", line 39, in sender
    await send(message)
  File "C:\Users\anasb\AppData\Local\Programs\Python\Python314\Lib\site-packages\starlette\_exception_handler.py", line 39, in sender
    await send(message)
  File "C:\Users\anasb\AppData\Local\Programs\Python\Python314\Lib\site-packages\starlette\middleware\errors.py", line 161, in _send
    await send(message)
  File "C:\Users\anasb\AppData\Local\Programs\Python\Python314\Lib\site-packages\uvicorn\protocols\http\h11_impl.py", line 500, in send
    output = self.conn.send(event=h11.Data(data=data))
  File "C:\Users\anasb\AppData\Local\Programs\Python\Python314\Lib\site-packages\h11\_connection.py", line 538, in send
    data_list = self.send_with_data_passthrough(event)
  File "C:\Users\anasb\AppData\Local\Programs\Python\Python314\Lib\site-packages\h11\_connection.py", line 571, in send_with_data_passthrough
    writer(event, data_list.append)
    ~~~~~~^^^^^^^^^^^^^^^^^^^^^^^^^
  File "C:\Users\anasb\AppData\Local\Programs\Python\Python314\Lib\site-packages\h11\_writers.py", line 65, in __call__
    self.send_data(event.data, write)
    ~~~~~~~~~~~~~~^^^^^^^^^^^^^^^^^^^
  File "C:\Users\anasb\AppData\Local\Programs\Python\Python314\Lib\site-packages\h11\_writers.py", line 91, in send_data
    raise LocalProtocolError("Too much data for declared Content-Length")
h11._util.LocalProtocolError: Too much data for declared Content-Length
ERROR:    Exception in ASGI application
Traceback (most recent call last):
  File "C:\Users\anasb\AppData\Local\Programs\Python\Python314\Lib\site-packages\uvicorn\protocols\http\h11_impl.py", line 403, in run_asgi
    result = await app(  # type: ignore[func-returns-value]
             ^^^^^^^^^^^^^^^^^^^^^^^^^^^^^^^^^^^^^^^^^^^^^^
        self.scope, self.receive, self.send
        ^^^^^^^^^^^^^^^^^^^^^^^^^^^^^^^^^^^
    )
    ^
  File "C:\Users\anasb\AppData\Local\Programs\Python\Python314\Lib\site-packages\uvicorn\middleware\proxy_headers.py", line 60, in __call__
    return await self.app(scope, receive, send)
           ^^^^^^^^^^^^^^^^^^^^^^^^^^^^^^^^^^^^
  File "C:\Users\anasb\AppData\Local\Programs\Python\Python314\Lib\site-packages\fastapi\applications.py", line 1163, in __call__
    await super().__call__(scope, receive, send)
  File "C:\Users\anasb\AppData\Local\Programs\Python\Python314\Lib\site-packages\starlette\applications.py", line 90, in __call__
    await self.middleware_stack(scope, receive, send)
  File "C:\Users\anasb\AppData\Local\Programs\Python\Python314\Lib\site-packages\starlette\middleware\errors.py", line 186, in __call__
    raise exc
  File "C:\Users\anasb\AppData\Local\Programs\Python\Python314\Lib\site-packages\starlette\middleware\errors.py", line 164, in __call__
    await self.app(scope, receive, _send)
  File "C:\Users\anasb\AppData\Local\Programs\Python\Python314\Lib\site-packages\starlette\middleware\cors.py", line 88, in __call__
    await self.app(scope, receive, send)
  File "C:\Users\anasb\AppData\Local\Programs\Python\Python314\Lib\site-packages\starlette\middleware\exceptions.py", line 63, in __call__
    await wrap_app_handling_exceptions(self.app, conn)(scope, receive, send)
  File "C:\Users\anasb\AppData\Local\Programs\Python\Python314\Lib\site-packages\starlette\_exception_handler.py", line 53, in wrapped_app
    raise exc
  File "C:\Users\anasb\AppData\Local\Programs\Python\Python314\Lib\site-packages\starlette\_exception_handler.py", line 42, in wrapped_app
    await app(scope, receive, sender)
  File "C:\Users\anasb\AppData\Local\Programs\Python\Python314\Lib\site-packages\fastapi\middleware\asyncexitstack.py", line 18, in __call__
    await self.app(scope, receive, send)
  File "C:\Users\anasb\AppData\Local\Programs\Python\Python314\Lib\site-packages\starlette\routing.py", line 660, in __call__
    await self.middleware_stack(scope, receive, send)
  File "C:\Users\anasb\AppData\Local\Programs\Python\Python314\Lib\site-packages\fastapi\routing.py", line 2531, in app
    await route.handle(scope, receive, send)
  File "C:\Users\anasb\AppData\Local\Programs\Python\Python314\Lib\site-packages\fastapi\routing.py", line 1241, in handle
    await super().handle(scope, receive, send)
  File "C:\Users\anasb\AppData\Local\Programs\Python\Python314\Lib\site-packages\starlette\routing.py", line 276, in handle
    await self.app(scope, receive, send)
  File "C:\Users\anasb\AppData\Local\Programs\Python\Python314\Lib\site-packages\fastapi\routing.py", line 150, in app
    await wrap_app_handling_exceptions(app, request)(scope, receive, send)
  File "C:\Users\anasb\AppData\Local\Programs\Python\Python314\Lib\site-packages\starlette\_exception_handler.py", line 53, in wrapped_app
    raise exc
  File "C:\Users\anasb\AppData\Local\Programs\Python\Python314\Lib\site-packages\starlette\_exception_handler.py", line 42, in wrapped_app
    await app(scope, receive, sender)
  File "C:\Users\anasb\AppData\Local\Programs\Python\Python314\Lib\site-packages\fastapi\routing.py", line 137, in app
    await response(scope, receive, send)
  File "C:\Users\anasb\AppData\Local\Programs\Python\Python314\Lib\site-packages\starlette\responses.py", line 273, in __call__
    async with create_collapsing_task_group() as task_group:
               ~~~~~~~~~~~~~~~~~~~~~~~~~~~~^^
  File "C:\Users\anasb\AppData\Local\Programs\Python\Python314\Lib\contextlib.py", line 235, in __aexit__
    await self.gen.athrow(value)
  File "C:\Users\anasb\AppData\Local\Programs\Python\Python314\Lib\site-packages\starlette\_utils.py", line 93, in create_collapsing_task_group
    raise exc from exc.__cause__ or context
  File "C:\Users\anasb\AppData\Local\Programs\Python\Python314\Lib\site-packages\anyio\_core\_tasks.py", line 278, in _run_coro
    retval = await self._coro
             ^^^^^^^^^^^^^^^^
  File "C:\Users\anasb\AppData\Local\Programs\Python\Python314\Lib\site-packages\starlette\responses.py", line 276, in wrap
    await func()
  File "C:\Users\anasb\AppData\Local\Programs\Python\Python314\Lib\site-packages\starlette\responses.py", line 253, in stream_response
    await send({"type": "http.response.body", "body": chunk, "more_body": True})
  File "C:\Users\anasb\AppData\Local\Programs\Python\Python314\Lib\site-packages\starlette\_exception_handler.py", line 39, in sender
    await send(message)
  File "C:\Users\anasb\AppData\Local\Programs\Python\Python314\Lib\site-packages\starlette\_exception_handler.py", line 39, in sender
    await send(message)
  File "C:\Users\anasb\AppData\Local\Programs\Python\Python314\Lib\site-packages\starlette\middleware\errors.py", line 161, in _send
    await send(message)
  File "C:\Users\anasb\AppData\Local\Programs\Python\Python314\Lib\site-packages\uvicorn\protocols\http\h11_impl.py", line 500, in send
    output = self.conn.send(event=h11.Data(data=data))
  File "C:\Users\anasb\AppData\Local\Programs\Python\Python314\Lib\site-packages\h11\_connection.py", line 538, in send
    data_list = self.send_with_data_passthrough(event)
  File "C:\Users\anasb\AppData\Local\Programs\Python\Python314\Lib\site-packages\h11\_connection.py", line 571, in send_with_data_passthrough
    writer(event, data_list.append)
    ~~~~~~^^^^^^^^^^^^^^^^^^^^^^^^^
  File "C:\Users\anasb\AppData\Local\Programs\Python\Python314\Lib\site-packages\h11\_writers.py", line 65, in __call__
    self.send_data(event.data, write)
    ~~~~~~~~~~~~~~^^^^^^^^^^^^^^^^^^^
  File "C:\Users\anasb\AppData\Local\Programs\Python\Python314\Lib\site-packages\h11\_writers.py", line 91, in send_data
    raise LocalProtocolError("Too much data for declared Content-Length")
h11._util.LocalProtocolError: Too much data for declared Content-Length
