INFO:     Started server process [28052]
INFO:     Waiting for application startup.
INFO:     Application startup complete.
INFO:     Uvicorn running on http://0.0.0.0:8006 (Press CTRL+C to quit)
INFO:     127.0.0.1:51168 - "GET /api/health HTTP/1.1" 200 OK
INFO:     127.0.0.1:59910 - "POST /api/info HTTP/1.1" 400 Bad Request
INFO:     127.0.0.1:59919 - "GET /api/health HTTP/1.1" 200 OK
INFO:     127.0.0.1:59929 - "GET /api/health HTTP/1.1" 200 OK
INFO:     127.0.0.1:59931 - "POST /api/info HTTP/1.1" 200 OK
INFO:     127.0.0.1:54286 - "OPTIONS /api/info HTTP/1.1" 200 OK
INFO:     127.0.0.1:54286 - "POST /api/info HTTP/1.1" 200 OK
INFO:     127.0.0.1:55324 - "POST /api/info HTTP/1.1" 200 OK
INFO:     127.0.0.1:59339 - "POST /api/info HTTP/1.1" 200 OK
INFO:     127.0.0.1:60741 - "POST /api/info HTTP/1.1" 200 OK
INFO:     127.0.0.1:54725 - "POST /api/info HTTP/1.1" 400 Bad Request
INFO:     127.0.0.1:54725 - "POST /api/info HTTP/1.1" 400 Bad Request
INFO:     127.0.0.1:56792 - "POST /api/info HTTP/1.1" 400 Bad Request
INFO:     127.0.0.1:52203 - "POST /api/info HTTP/1.1" 400 Bad Request
INFO:     127.0.0.1:65192 - "POST /api/info HTTP/1.1" 400 Bad Request
INFO:     127.0.0.1:65192 - "POST /api/info HTTP/1.1" 400 Bad Request
INFO:     127.0.0.1:58919 - "POST /api/info HTTP/1.1" 200 OK
INFO:     127.0.0.1:49459 - "POST /api/info HTTP/1.1" 200 OK
INFO:     127.0.0.1:55409 - "GET /api/download?url=https%3A%2F%2Fwww.youtube.com%2Fwatch%3Fv%3DY7sZHS3zDmQ&format_id=mp4_1080p HTTP/1.1" 200 OK
ERROR:    Exception in ASGI application
  + Exception Group Traceback (most recent call last):
  |   File "C:\Users\anasb\AppData\Local\hermes\hermes-agent\venv\Lib\site-packages\starlette\_utils.py", line 81, in collapse_excgroups
  |     yield
  |   File "C:\Users\anasb\AppData\Local\hermes\hermes-agent\venv\Lib\site-packages\starlette\responses.py", line 274, in __call__
  |     async with anyio.create_task_group() as task_group:
  |   File "C:\Users\anasb\AppData\Local\hermes\hermes-agent\venv\Lib\site-packages\anyio\_backends\_asyncio.py", line 783, in __aexit__
  |     raise BaseExceptionGroup(
  | ExceptionGroup: unhandled errors in a TaskGroup (1 sub-exception)
  +-+---------------- 1 ----------------
    | Traceback (most recent call last):
    |   File "C:\Users\anasb\AppData\Local\hermes\hermes-agent\venv\Lib\site-packages\uvicorn\protocols\http\httptools_impl.py", line 416, in run_asgi
    |     result = await app(  # type: ignore[func-returns-value]
    |              ^^^^^^^^^^^^^^^^^^^^^^^^^^^^^^^^^^^^^^^^^^^^^^
    |   File "C:\Users\anasb\AppData\Local\hermes\hermes-agent\venv\Lib\site-packages\uvicorn\middleware\proxy_headers.py", line 60, in __call__
    |     return await self.app(scope, receive, send)
    |            ^^^^^^^^^^^^^^^^^^^^^^^^^^^^^^^^^^^^
    |   File "C:\Users\anasb\AppData\Local\hermes\hermes-agent\venv\Lib\site-packages\fastapi\applications.py", line 1160, in __call__
    |     await super().__call__(scope, receive, send)
    |   File "C:\Users\anasb\AppData\Local\hermes\hermes-agent\venv\Lib\site-packages\starlette\applications.py", line 90, in __call__
    |     await self.middleware_stack(scope, receive, send)
    |   File "C:\Users\anasb\AppData\Local\hermes\hermes-agent\venv\Lib\site-packages\starlette\middleware\errors.py", line 186, in __call__
    |     raise exc
    |   File "C:\Users\anasb\AppData\Local\hermes\hermes-agent\venv\Lib\site-packages\starlette\middleware\errors.py", line 164, in __call__
    |     await self.app(scope, receive, _send)
    |   File "C:\Users\anasb\AppData\Local\hermes\hermes-agent\venv\Lib\site-packages\starlette\middleware\cors.py", line 96, in __call__
    |     await self.simple_response(scope, receive, send, request_headers=headers)
    |   File "C:\Users\anasb\AppData\Local\hermes\hermes-agent\venv\Lib\site-packages\starlette\middleware\cors.py", line 154, in simple_response
    |     await self.app(scope, receive, send)
    |   File "C:\Users\anasb\AppData\Local\hermes\hermes-agent\venv\Lib\site-packages\starlette\middleware\exceptions.py", line 63, in __call__
    |     await wrap_app_handling_exceptions(self.app, conn)(scope, receive, send)
    |   File "C:\Users\anasb\AppData\Local\hermes\hermes-agent\venv\Lib\site-packages\starlette\_exception_handler.py", line 53, in wrapped_app
    |     raise exc
    |   File "C:\Users\anasb\AppData\Local\hermes\hermes-agent\venv\Lib\site-packages\starlette\_exception_handler.py", line 42, in wrapped_app
    |     await app(scope, receive, sender)
    |   File "C:\Users\anasb\AppData\Local\hermes\hermes-agent\venv\Lib\site-packages\fastapi\middleware\asyncexitstack.py", line 18, in __call__
    |     await self.app(scope, receive, send)
    |   File "C:\Users\anasb\AppData\Local\hermes\hermes-agent\venv\Lib\site-packages\starlette\routing.py", line 660, in __call__
    |     await self.middleware_stack(scope, receive, send)
    |   File "C:\Users\anasb\AppData\Local\hermes\hermes-agent\venv\Lib\site-packages\starlette\routing.py", line 680, in app
    |     await route.handle(scope, receive, send)
    |   File "C:\Users\anasb\AppData\Local\hermes\hermes-agent\venv\Lib\site-packages\starlette\routing.py", line 276, in handle
    |     await self.app(scope, receive, send)
    |   File "C:\Users\anasb\AppData\Local\hermes\hermes-agent\venv\Lib\site-packages\fastapi\routing.py", line 119, in app
    |     await wrap_app_handling_exceptions(app, request)(scope, receive, send)
    |   File "C:\Users\anasb\AppData\Local\hermes\hermes-agent\venv\Lib\site-packages\starlette\_exception_handler.py", line 53, in wrapped_app
    |     raise exc
    |   File "C:\Users\anasb\AppData\Local\hermes\hermes-agent\venv\Lib\site-packages\starlette\_exception_handler.py", line 42, in wrapped_app
    |     await app(scope, receive, sender)
    |   File "C:\Users\anasb\AppData\Local\hermes\hermes-agent\venv\Lib\site-packages\fastapi\routing.py", line 106, in app
    |     await response(scope, receive, send)
    |   File "C:\Users\anasb\AppData\Local\hermes\hermes-agent\venv\Lib\site-packages\starlette\responses.py", line 273, in __call__
    |     with collapse_excgroups():
    |   File "C:\Users\anasb\AppData\Roaming\uv\python\cpython-3.11-windows-x86_64-none\Lib\contextlib.py", line 158, in __exit__
    |     self.gen.throw(typ, value, traceback)
    |   File "C:\Users\anasb\AppData\Local\hermes\hermes-agent\venv\Lib\site-packages\starlette\_utils.py", line 87, in collapse_excgroups
    |     raise exc
    |   File "C:\Users\anasb\AppData\Local\hermes\hermes-agent\venv\Lib\site-packages\starlette\responses.py", line 277, in wrap
    |     await func()
    |   File "C:\Users\anasb\AppData\Local\hermes\hermes-agent\venv\Lib\site-packages\starlette\responses.py", line 255, in stream_response
    |     await send({"type": "http.response.body", "body": b"", "more_body": False})
    |   File "C:\Users\anasb\AppData\Local\hermes\hermes-agent\venv\Lib\site-packages\starlette\_exception_handler.py", line 39, in sender
    |     await send(message)
    |   File "C:\Users\anasb\AppData\Local\hermes\hermes-agent\venv\Lib\site-packages\starlette\_exception_handler.py", line 39, in sender
    |     await send(message)
    |   File "C:\Users\anasb\AppData\Local\hermes\hermes-agent\venv\Lib\site-packages\starlette\middleware\cors.py", line 158, in send
    |     await send(message)
    |   File "C:\Users\anasb\AppData\Local\hermes\hermes-agent\venv\Lib\site-packages\starlette\middleware\errors.py", line 161, in _send
    |     await send(message)
    |   File "C:\Users\anasb\AppData\Local\hermes\hermes-agent\venv\Lib\site-packages\uvicorn\protocols\http\httptools_impl.py", line 551, in send
    |     raise RuntimeError("Response content shorter than Content-Length")
    | RuntimeError: Response content shorter than Content-Length
    +------------------------------------

During handling of the above exception, another exception occurred:

Traceback (most recent call last):
  File "C:\Users\anasb\AppData\Local\hermes\hermes-agent\venv\Lib\site-packages\uvicorn\protocols\http\httptools_impl.py", line 416, in run_asgi
    result = await app(  # type: ignore[func-returns-value]
             ^^^^^^^^^^^^^^^^^^^^^^^^^^^^^^^^^^^^^^^^^^^^^^
  File "C:\Users\anasb\AppData\Local\hermes\hermes-agent\venv\Lib\site-packages\uvicorn\middleware\proxy_headers.py", line 60, in __call__
    return await self.app(scope, receive, send)
           ^^^^^^^^^^^^^^^^^^^^^^^^^^^^^^^^^^^^
  File "C:\Users\anasb\AppData\Local\hermes\hermes-agent\venv\Lib\site-packages\fastapi\applications.py", line 1160, in __call__
    await super().__call__(scope, receive, send)
  File "C:\Users\anasb\AppData\Local\hermes\hermes-agent\venv\Lib\site-packages\starlette\applications.py", line 90, in __call__
    await self.middleware_stack(scope, receive, send)
  File "C:\Users\anasb\AppData\Local\hermes\hermes-agent\venv\Lib\site-packages\starlette\middleware\errors.py", line 186, in __call__
    raise exc
  File "C:\Users\anasb\AppData\Local\hermes\hermes-agent\venv\Lib\site-packages\starlette\middleware\errors.py", line 164, in __call__
    await self.app(scope, receive, _send)
  File "C:\Users\anasb\AppData\Local\hermes\hermes-agent\venv\Lib\site-packages\starlette\middleware\cors.py", line 96, in __call__
    await self.simple_response(scope, receive, send, request_headers=headers)
  File "C:\Users\anasb\AppData\Local\hermes\hermes-agent\venv\Lib\site-packages\starlette\middleware\cors.py", line 154, in simple_response
    await self.app(scope, receive, send)
  File "C:\Users\anasb\AppData\Local\hermes\hermes-agent\venv\Lib\site-packages\starlette\middleware\exceptions.py", line 63, in __call__
    await wrap_app_handling_exceptions(self.app, conn)(scope, receive, send)
  File "C:\Users\anasb\AppData\Local\hermes\hermes-agent\venv\Lib\site-packages\starlette\_exception_handler.py", line 53, in wrapped_app
    raise exc
  File "C:\Users\anasb\AppData\Local\hermes\hermes-agent\venv\Lib\site-packages\starlette\_exception_handler.py", line 42, in wrapped_app
    await app(scope, receive, sender)
  File "C:\Users\anasb\AppData\Local\hermes\hermes-agent\venv\Lib\site-packages\fastapi\middleware\asyncexitstack.py", line 18, in __call__
    await self.app(scope, receive, send)
  File "C:\Users\anasb\AppData\Local\hermes\hermes-agent\venv\Lib\site-packages\starlette\routing.py", line 660, in __call__
    await self.middleware_stack(scope, receive, send)
  File "C:\Users\anasb\AppData\Local\hermes\hermes-agent\venv\Lib\site-packages\starlette\routing.py", line 680, in app
    await route.handle(scope, receive, send)
  File "C:\Users\anasb\AppData\Local\hermes\hermes-agent\venv\Lib\site-packages\starlette\routing.py", line 276, in handle
    await self.app(scope, receive, send)
  File "C:\Users\anasb\AppData\Local\hermes\hermes-agent\venv\Lib\site-packages\fastapi\routing.py", line 119, in app
    await wrap_app_handling_exceptions(app, request)(scope, receive, send)
  File "C:\Users\anasb\AppData\Local\hermes\hermes-agent\venv\Lib\site-packages\starlette\_exception_handler.py", line 53, in wrapped_app
    raise exc
  File "C:\Users\anasb\AppData\Local\hermes\hermes-agent\venv\Lib\site-packages\starlette\_exception_handler.py", line 42, in wrapped_app
    await app(scope, receive, sender)
  File "C:\Users\anasb\AppData\Local\hermes\hermes-agent\venv\Lib\site-packages\fastapi\routing.py", line 106, in app
    await response(scope, receive, send)
  File "C:\Users\anasb\AppData\Local\hermes\hermes-agent\venv\Lib\site-packages\starlette\responses.py", line 273, in __call__
    with collapse_excgroups():
  File "C:\Users\anasb\AppData\Roaming\uv\python\cpython-3.11-windows-x86_64-none\Lib\contextlib.py", line 158, in __exit__
    self.gen.throw(typ, value, traceback)
  File "C:\Users\anasb\AppData\Local\hermes\hermes-agent\venv\Lib\site-packages\starlette\_utils.py", line 87, in collapse_excgroups
    raise exc
  File "C:\Users\anasb\AppData\Local\hermes\hermes-agent\venv\Lib\site-packages\starlette\responses.py", line 277, in wrap
    await func()
  File "C:\Users\anasb\AppData\Local\hermes\hermes-agent\venv\Lib\site-packages\starlette\responses.py", line 255, in stream_response
    await send({"type": "http.response.body", "body": b"", "more_body": False})
  File "C:\Users\anasb\AppData\Local\hermes\hermes-agent\venv\Lib\site-packages\starlette\_exception_handler.py", line 39, in sender
    await send(message)
  File "C:\Users\anasb\AppData\Local\hermes\hermes-agent\venv\Lib\site-packages\starlette\_exception_handler.py", line 39, in sender
    await send(message)
  File "C:\Users\anasb\AppData\Local\hermes\hermes-agent\venv\Lib\site-packages\starlette\middleware\cors.py", line 158, in send
    await send(message)
  File "C:\Users\anasb\AppData\Local\hermes\hermes-agent\venv\Lib\site-packages\starlette\middleware\errors.py", line 161, in _send
    await send(message)
  File "C:\Users\anasb\AppData\Local\hermes\hermes-agent\venv\Lib\site-packages\uvicorn\protocols\http\httptools_impl.py", line 551, in send
    raise RuntimeError("Response content shorter than Content-Length")
RuntimeError: Response content shorter than Content-Length
INFO:     127.0.0.1:61104 - "GET /api/download?url=https%3A%2F%2Fwww.youtube.com%2Fshorts%2FyDg-1FxfhQw%3Ffeature%3Dshare&format_id=mp4_1080p HTTP/1.1" 200 OK
ERROR:    Exception in ASGI application
  + Exception Group Traceback (most recent call last):
  |   File "C:\Users\anasb\AppData\Local\hermes\hermes-agent\venv\Lib\site-packages\starlette\_utils.py", line 81, in collapse_excgroups
  |     yield
  |   File "C:\Users\anasb\AppData\Local\hermes\hermes-agent\venv\Lib\site-packages\starlette\responses.py", line 274, in __call__
  |     async with anyio.create_task_group() as task_group:
  |   File "C:\Users\anasb\AppData\Local\hermes\hermes-agent\venv\Lib\site-packages\anyio\_backends\_asyncio.py", line 783, in __aexit__
  |     raise BaseExceptionGroup(
  | ExceptionGroup: unhandled errors in a TaskGroup (1 sub-exception)
  +-+---------------- 1 ----------------
    | Traceback (most recent call last):
    |   File "C:\Users\anasb\AppData\Local\hermes\hermes-agent\venv\Lib\site-packages\uvicorn\protocols\http\httptools_impl.py", line 416, in run_asgi
    |     result = await app(  # type: ignore[func-returns-value]
    |              ^^^^^^^^^^^^^^^^^^^^^^^^^^^^^^^^^^^^^^^^^^^^^^
    |   File "C:\Users\anasb\AppData\Local\hermes\hermes-agent\venv\Lib\site-packages\uvicorn\middleware\proxy_headers.py", line 60, in __call__
    |     return await self.app(scope, receive, send)
    |            ^^^^^^^^^^^^^^^^^^^^^^^^^^^^^^^^^^^^
    |   File "C:\Users\anasb\AppData\Local\hermes\hermes-agent\venv\Lib\site-packages\fastapi\applications.py", line 1160, in __call__
    |     await super().__call__(scope, receive, send)
    |   File "C:\Users\anasb\AppData\Local\hermes\hermes-agent\venv\Lib\site-packages\starlette\applications.py", line 90, in __call__
    |     await self.middleware_stack(scope, receive, send)
    |   File "C:\Users\anasb\AppData\Local\hermes\hermes-agent\venv\Lib\site-packages\starlette\middleware\errors.py", line 186, in __call__
    |     raise exc
    |   File "C:\Users\anasb\AppData\Local\hermes\hermes-agent\venv\Lib\site-packages\starlette\middleware\errors.py", line 164, in __call__
    |     await self.app(scope, receive, _send)
    |   File "C:\Users\anasb\AppData\Local\hermes\hermes-agent\venv\Lib\site-packages\starlette\middleware\cors.py", line 96, in __call__
    |     await self.simple_response(scope, receive, send, request_headers=headers)
    |   File "C:\Users\anasb\AppData\Local\hermes\hermes-agent\venv\Lib\site-packages\starlette\middleware\cors.py", line 154, in simple_response
    |     await self.app(scope, receive, send)
    |   File "C:\Users\anasb\AppData\Local\hermes\hermes-agent\venv\Lib\site-packages\starlette\middleware\exceptions.py", line 63, in __call__
    |     await wrap_app_handling_exceptions(self.app, conn)(scope, receive, send)
    |   File "C:\Users\anasb\AppData\Local\hermes\hermes-agent\venv\Lib\site-packages\starlette\_exception_handler.py", line 53, in wrapped_app
    |     raise exc
    |   File "C:\Users\anasb\AppData\Local\hermes\hermes-agent\venv\Lib\site-packages\starlette\_exception_handler.py", line 42, in wrapped_app
    |     await app(scope, receive, sender)
    |   File "C:\Users\anasb\AppData\Local\hermes\hermes-agent\venv\Lib\site-packages\fastapi\middleware\asyncexitstack.py", line 18, in __call__
    |     await self.app(scope, receive, send)
    |   File "C:\Users\anasb\AppData\Local\hermes\hermes-agent\venv\Lib\site-packages\starlette\routing.py", line 660, in __call__
    |     await self.middleware_stack(scope, receive, send)
    |   File "C:\Users\anasb\AppData\Local\hermes\hermes-agent\venv\Lib\site-packages\starlette\routing.py", line 680, in app
    |     await route.handle(scope, receive, send)
    |   File "C:\Users\anasb\AppData\Local\hermes\hermes-agent\venv\Lib\site-packages\starlette\routing.py", line 276, in handle
    |     await self.app(scope, receive, send)
    |   File "C:\Users\anasb\AppData\Local\hermes\hermes-agent\venv\Lib\site-packages\fastapi\routing.py", line 119, in app
    |     await wrap_app_handling_exceptions(app, request)(scope, receive, send)
    |   File "C:\Users\anasb\AppData\Local\hermes\hermes-agent\venv\Lib\site-packages\starlette\_exception_handler.py", line 53, in wrapped_app
    |     raise exc
    |   File "C:\Users\anasb\AppData\Local\hermes\hermes-agent\venv\Lib\site-packages\starlette\_exception_handler.py", line 42, in wrapped_app
    |     await app(scope, receive, sender)
    |   File "C:\Users\anasb\AppData\Local\hermes\hermes-agent\venv\Lib\site-packages\fastapi\routing.py", line 106, in app
    |     await response(scope, receive, send)
    |   File "C:\Users\anasb\AppData\Local\hermes\hermes-agent\venv\Lib\site-packages\starlette\responses.py", line 273, in __call__
    |     with collapse_excgroups():
    |   File "C:\Users\anasb\AppData\Roaming\uv\python\cpython-3.11-windows-x86_64-none\Lib\contextlib.py", line 158, in __exit__
    |     self.gen.throw(typ, value, traceback)
    |   File "C:\Users\anasb\AppData\Local\hermes\hermes-agent\venv\Lib\site-packages\starlette\_utils.py", line 87, in collapse_excgroups
    |     raise exc
    |   File "C:\Users\anasb\AppData\Local\hermes\hermes-agent\venv\Lib\site-packages\starlette\responses.py", line 277, in wrap
    |     await func()
    |   File "C:\Users\anasb\AppData\Local\hermes\hermes-agent\venv\Lib\site-packages\starlette\responses.py", line 253, in stream_response
    |     await send({"type": "http.response.body", "body": chunk, "more_body": True})
    |   File "C:\Users\anasb\AppData\Local\hermes\hermes-agent\venv\Lib\site-packages\starlette\_exception_handler.py", line 39, in sender
    |     await send(message)
    |   File "C:\Users\anasb\AppData\Local\hermes\hermes-agent\venv\Lib\site-packages\starlette\_exception_handler.py", line 39, in sender
    |     await send(message)
    |   File "C:\Users\anasb\AppData\Local\hermes\hermes-agent\venv\Lib\site-packages\starlette\middleware\cors.py", line 158, in send
    |     await send(message)
    |   File "C:\Users\anasb\AppData\Local\hermes\hermes-agent\venv\Lib\site-packages\starlette\middleware\errors.py", line 161, in _send
    |     await send(message)
    |   File "C:\Users\anasb\AppData\Local\hermes\hermes-agent\venv\Lib\site-packages\uvicorn\protocols\http\httptools_impl.py", line 543, in send
    |     raise RuntimeError("Response content longer than Content-Length")
    | RuntimeError: Response content longer than Content-Length
    +------------------------------------

During handling of the above exception, another exception occurred:

Traceback (most recent call last):
  File "C:\Users\anasb\AppData\Local\hermes\hermes-agent\venv\Lib\site-packages\uvicorn\protocols\http\httptools_impl.py", line 416, in run_asgi
    result = await app(  # type: ignore[func-returns-value]
             ^^^^^^^^^^^^^^^^^^^^^^^^^^^^^^^^^^^^^^^^^^^^^^
  File "C:\Users\anasb\AppData\Local\hermes\hermes-agent\venv\Lib\site-packages\uvicorn\middleware\proxy_headers.py", line 60, in __call__
    return await self.app(scope, receive, send)
           ^^^^^^^^^^^^^^^^^^^^^^^^^^^^^^^^^^^^
  File "C:\Users\anasb\AppData\Local\hermes\hermes-agent\venv\Lib\site-packages\fastapi\applications.py", line 1160, in __call__
    await super().__call__(scope, receive, send)
  File "C:\Users\anasb\AppData\Local\hermes\hermes-agent\venv\Lib\site-packages\starlette\applications.py", line 90, in __call__
    await self.middleware_stack(scope, receive, send)
  File "C:\Users\anasb\AppData\Local\hermes\hermes-agent\venv\Lib\site-packages\starlette\middleware\errors.py", line 186, in __call__
    raise exc
  File "C:\Users\anasb\AppData\Local\hermes\hermes-agent\venv\Lib\site-packages\starlette\middleware\errors.py", line 164, in __call__
    await self.app(scope, receive, _send)
  File "C:\Users\anasb\AppData\Local\hermes\hermes-agent\venv\Lib\site-packages\starlette\middleware\cors.py", line 96, in __call__
    await self.simple_response(scope, receive, send, request_headers=headers)
  File "C:\Users\anasb\AppData\Local\hermes\hermes-agent\venv\Lib\site-packages\starlette\middleware\cors.py", line 154, in simple_response
    await self.app(scope, receive, send)
  File "C:\Users\anasb\AppData\Local\hermes\hermes-agent\venv\Lib\site-packages\starlette\middleware\exceptions.py", line 63, in __call__
    await wrap_app_handling_exceptions(self.app, conn)(scope, receive, send)
  File "C:\Users\anasb\AppData\Local\hermes\hermes-agent\venv\Lib\site-packages\starlette\_exception_handler.py", line 53, in wrapped_app
    raise exc
  File "C:\Users\anasb\AppData\Local\hermes\hermes-agent\venv\Lib\site-packages\starlette\_exception_handler.py", line 42, in wrapped_app
    await app(scope, receive, sender)
  File "C:\Users\anasb\AppData\Local\hermes\hermes-agent\venv\Lib\site-packages\fastapi\middleware\asyncexitstack.py", line 18, in __call__
    await self.app(scope, receive, send)
  File "C:\Users\anasb\AppData\Local\hermes\hermes-agent\venv\Lib\site-packages\starlette\routing.py", line 660, in __call__
    await self.middleware_stack(scope, receive, send)
  File "C:\Users\anasb\AppData\Local\hermes\hermes-agent\venv\Lib\site-packages\starlette\routing.py", line 680, in app
    await route.handle(scope, receive, send)
  File "C:\Users\anasb\AppData\Local\hermes\hermes-agent\venv\Lib\site-packages\starlette\routing.py", line 276, in handle
    await self.app(scope, receive, send)
  File "C:\Users\anasb\AppData\Local\hermes\hermes-agent\venv\Lib\site-packages\fastapi\routing.py", line 119, in app
    await wrap_app_handling_exceptions(app, request)(scope, receive, send)
  File "C:\Users\anasb\AppData\Local\hermes\hermes-agent\venv\Lib\site-packages\starlette\_exception_handler.py", line 53, in wrapped_app
    raise exc
  File "C:\Users\anasb\AppData\Local\hermes\hermes-agent\venv\Lib\site-packages\starlette\_exception_handler.py", line 42, in wrapped_app
    await app(scope, receive, sender)
  File "C:\Users\anasb\AppData\Local\hermes\hermes-agent\venv\Lib\site-packages\fastapi\routing.py", line 106, in app
    await response(scope, receive, send)
  File "C:\Users\anasb\AppData\Local\hermes\hermes-agent\venv\Lib\site-packages\starlette\responses.py", line 273, in __call__
    with collapse_excgroups():
  File "C:\Users\anasb\AppData\Roaming\uv\python\cpython-3.11-windows-x86_64-none\Lib\contextlib.py", line 158, in __exit__
    self.gen.throw(typ, value, traceback)
  File "C:\Users\anasb\AppData\Local\hermes\hermes-agent\venv\Lib\site-packages\starlette\_utils.py", line 87, in collapse_excgroups
    raise exc
  File "C:\Users\anasb\AppData\Local\hermes\hermes-agent\venv\Lib\site-packages\starlette\responses.py", line 277, in wrap
    await func()
  File "C:\Users\anasb\AppData\Local\hermes\hermes-agent\venv\Lib\site-packages\starlette\responses.py", line 253, in stream_response
    await send({"type": "http.response.body", "body": chunk, "more_body": True})
  File "C:\Users\anasb\AppData\Local\hermes\hermes-agent\venv\Lib\site-packages\starlette\_exception_handler.py", line 39, in sender
    await send(message)
  File "C:\Users\anasb\AppData\Local\hermes\hermes-agent\venv\Lib\site-packages\starlette\_exception_handler.py", line 39, in sender
    await send(message)
  File "C:\Users\anasb\AppData\Local\hermes\hermes-agent\venv\Lib\site-packages\starlette\middleware\cors.py", line 158, in send
    await send(message)
  File "C:\Users\anasb\AppData\Local\hermes\hermes-agent\venv\Lib\site-packages\starlette\middleware\errors.py", line 161, in _send
    await send(message)
  File "C:\Users\anasb\AppData\Local\hermes\hermes-agent\venv\Lib\site-packages\uvicorn\protocols\http\httptools_impl.py", line 543, in send
    raise RuntimeError("Response content longer than Content-Length")
RuntimeError: Response content longer than Content-Length
INFO:     127.0.0.1:50061 - "GET /api/download?url=https%3A%2F%2Fwww.tiktok.com%2F%40burcuozberk%2Fvideo%2F7645009861213818120%3Fis_from_webapp%3D1%26sender_device%3Dpc&format_id=mp4 HTTP/1.1" 200 OK
INFO:     127.0.0.1:50061 - "GET /api/download?url=https%3A%2F%2Fwww.twitch.tv%2Fishowspeed%2Fclip%2FHedonisticSpoopyPeppermintMikeHogu-30TNxrO2WxBkK-7W&format_id=mp4_1080 HTTP/1.1" 200 OK
INFO:     127.0.0.1:62300 - "POST /api/info HTTP/1.1" 400 Bad Request
